{"level":"info","message":"Server running --- from server.ts","timestamp":"2025-06-30T07:01:02.511Z"}
{"level":"info","message":"Server running --- from server.ts","timestamp":"2025-06-30T07:02:32.462Z"}
{"level":"info","message":"Server running --- from server.ts","timestamp":"2025-06-30T07:02:44.761Z"}
{"level":"info","message":"Server running --- from server.ts","timestamp":"2025-06-30T07:06:37.210Z"}
{"level":"info","message":"Server running --- from server.ts","timestamp":"2025-06-30T07:06:46.780Z"}
{"level":"info","message":"Server running --- from server.ts","timestamp":"2025-06-30T07:07:10.386Z"}
{"level":"info","message":"Server running --- from server.ts","timestamp":"2025-06-30T07:07:44.324Z"}
{"level":"info","message":"Server running --- from server.ts","timestamp":"2025-06-30T07:07:51.834Z"}
{"level":"info","message":"Server running --- from server.ts","timestamp":"2025-06-30T07:07:57.428Z"}
{"level":"info","message":"Server running --- from server.ts","timestamp":"2025-06-30T07:08:09.786Z"}
{"level":"info","message":"Server running --- from server.ts","timestamp":"2025-06-30T07:08:17.301Z"}
{"level":"info","message":"Server running --- from server.ts","timestamp":"2025-06-30T07:08:27.291Z"}
{"level":"info","message":"Server running --- from server.ts","timestamp":"2025-06-30T07:09:47.183Z"}
{"level":"info","message":"Server running --- from server.ts","timestamp":"2025-06-30T07:09:59.700Z"}
{"level":"info","message":"Server running --- from server.ts","timestamp":"2025-06-30T07:10:09.754Z"}
{"level":"info","message":"Server running --- from server.ts","timestamp":"2025-06-30T07:10:20.458Z"}
{"level":"info","message":"Server running --- from server.ts","timestamp":"2025-06-30T07:10:33.445Z"}
{"level":"info","message":"Server running --- from server.ts","timestamp":"2025-06-30T07:11:52.859Z"}
{"level":"info","message":"Server running --- from server.ts","timestamp":"2025-06-30T07:12:11.979Z"}
{"level":"info","message":"Server running --- from server.ts","timestamp":"2025-06-30T07:12:19.290Z"}
{"level":"info","message":"Server running --- from server.ts","timestamp":"2025-06-30T07:13:17.693Z"}
{"level":"info","message":"Server running --- from server.ts","timestamp":"2025-06-30T07:13:48.372Z"}
{"level":"info","message":"Server running --- from server.ts","timestamp":"2025-06-30T07:15:11.230Z"}
{"level":"info","message":"Server running --- from server.ts","timestamp":"2025-06-30T07:15:44.068Z"}
{"level":"info","message":"Server running --- from server.ts","timestamp":"2025-06-30T07:17:34.752Z"}
{"level":"info","message":"Server running --- from server.ts","timestamp":"2025-06-30T07:20:05.981Z"}
{"level":"info","message":"Server running --- from server.ts","timestamp":"2025-06-30T07:20:13.730Z"}
{"level":"info","message":"Server running --- from server.ts","timestamp":"2025-06-30T07:20:27.855Z"}
{"level":"info","message":"Server running --- from server.ts","timestamp":"2025-06-30T07:20:36.506Z"}
{"level":"info","message":"Server running --- from server.ts","timestamp":"2025-06-30T07:22:36.184Z"}
{"level":"info","message":"Server running --- from server.ts","timestamp":"2025-06-30T07:22:41.697Z"}
{"level":"info","message":"Server running --- from server.ts","timestamp":"2025-06-30T07:22:45.860Z"}
{"level":"info","message":"Server running --- from server.ts","timestamp":"2025-06-30T07:22:58.571Z"}
{"level":"info","message":"Server running --- from server.ts","timestamp":"2025-06-30T07:23:04.701Z"}
{"level":"info","message":"Server running --- from server.ts","timestamp":"2025-06-30T07:23:10.988Z"}
{"level":"info","message":"Server running --- from server.ts","timestamp":"2025-06-30T07:23:43.424Z"}
{"level":"info","message":"Server running --- from server.ts","timestamp":"2025-06-30T07:24:16.071Z"}
{"level":"info","message":"Server running --- from server.ts","timestamp":"2025-06-30T07:24:28.708Z"}
{"level":"info","message":"Server running --- from server.ts","timestamp":"2025-06-30T07:25:29.377Z"}
{"level":"info","message":"GET URL REQ => http://192.168.29.236:6200/api/v1/adminRoutes/adminLogin","timestamp":"2025-06-30T07:25:29.426Z"}
{"level":"info","message":"Server running --- from server.ts","timestamp":"2025-06-30T07:26:52.353Z"}
{"level":"info","message":"Server running --- from server.ts","timestamp":"2025-06-30T07:27:10.487Z"}
{"level":"info","message":"Server running --- from server.ts","timestamp":"2025-06-30T07:27:20.912Z"}
{"level":"info","message":"Server running --- from server.ts","timestamp":"2025-06-30T07:27:25.923Z"}
{"level":"info","message":"Server running --- from server.ts","timestamp":"2025-06-30T07:28:07.610Z"}
{"level":"info","message":"Server running --- from server.ts","timestamp":"2025-06-30T07:28:21.195Z"}
{"level":"info","message":"Server running --- from server.ts","timestamp":"2025-06-30T07:28:25.047Z"}
{"level":"info","message":"Server running --- from server.ts","timestamp":"2025-06-30T07:28:28.821Z"}
{"level":"info","message":"Server running --- from server.ts","timestamp":"2025-06-30T07:29:39.495Z"}
{"level":"info","message":"Server running --- from server.ts","timestamp":"2025-06-30T07:30:17.962Z"}
{"level":"info","message":"Server running --- from server.ts","timestamp":"2025-06-30T07:30:22.976Z"}
{"level":"info","message":"Server running --- from server.ts","timestamp":"2025-06-30T07:30:33.595Z"}
{"level":"info","message":"Server running --- from server.ts","timestamp":"2025-06-30T07:30:40.995Z"}
{"level":"info","message":"Server running --- from server.ts","timestamp":"2025-06-30T07:30:52.590Z"}
{"level":"info","message":"Server running --- from server.ts","timestamp":"2025-06-30T07:31:03.787Z"}
{"level":"info","message":"Server running --- from server.ts","timestamp":"2025-06-30T07:31:27.408Z"}
{"level":"info","message":"Server running --- from server.ts","timestamp":"2025-06-30T07:31:37.282Z"}
{"level":"error","message":"Server not running ---  New route /api/v1/settingsRoutes/updateBlogs conflicts with existing /api/v1/settingsRoutes/updateBlogs","name":"AssertError","stack":"AssertError: New route /api/v1/settingsRoutes/updateBlogs conflicts with existing /api/v1/settingsRoutes/updateBlogs\n    at module.exports.internals.Segment.internals.Segment.add (C:\\Users\\INDHU\\Desktop\\projects\\ZAD-Products-Admin\\node_modules\\@hapi\\call\\lib\\segment.js:47:14)\n    at exports.Router.internals.Router.internals.Router.add (C:\\Users\\INDHU\\Desktop\\projects\\ZAD-Products-Admin\\node_modules\\@hapi\\call\\lib\\index.js:65:16)\n    at internals.Server._addRoute (C:\\Users\\INDHU\\Desktop\\projects\\ZAD-Products-Admin\\node_modules\\@hapi\\hapi\\lib\\server.js:529:46)\n    at internals.Server.route (C:\\Users\\INDHU\\Desktop\\projects\\ZAD-Products-Admin\\node_modules\\@hapi\\hapi\\lib\\server.js:518:22)\n    at C:\\Users\\INDHU\\Desktop\\projects\\ZAD-Products-Admin\\src\\api\\settings\\routes.ts:12:14\n    at new Promise (<anonymous>)\n    at settingsRoutes.<anonymous> (C:\\Users\\INDHU\\Desktop\\projects\\ZAD-Products-Admin\\src\\api\\settings\\routes.ts:10:12)\n    at Generator.next (<anonymous>)\n    at C:\\Users\\INDHU\\Desktop\\projects\\ZAD-Products-Admin\\src\\api\\settings\\routes.ts:8:71\n    at new Promise (<anonymous>)","timestamp":"2025-06-30T07:32:15.215Z"}
{"level":"info","message":"Server running --- from server.ts","timestamp":"2025-06-30T07:32:58.331Z"}
{"level":"info","message":"Server running --- from server.ts","timestamp":"2025-06-30T07:33:16.045Z"}
{"level":"info","message":"Server running --- from server.ts","timestamp":"2025-06-30T07:34:04.138Z"}
{"level":"info","message":"Server running --- from server.ts","timestamp":"2025-06-30T07:34:50.544Z"}
{"level":"info","message":"Server running --- from server.ts","timestamp":"2025-06-30T07:36:27.981Z"}
{"level":"info","message":"Server running --- from server.ts","timestamp":"2025-06-30T07:36:32.555Z"}
{"level":"info","message":"Server running --- from server.ts","timestamp":"2025-06-30T07:38:58.833Z"}
{"level":"info","message":"Server running --- from server.ts","timestamp":"2025-06-30T07:39:25.043Z"}
{"level":"info","message":"Server running --- from server.ts","timestamp":"2025-06-30T07:39:31.585Z"}
{"level":"info","message":"Server running --- from server.ts","timestamp":"2025-06-30T07:39:41.455Z"}
{"level":"info","message":"Server running --- from server.ts","timestamp":"2025-06-30T07:39:51.766Z"}
{"level":"info","message":"Server running --- from server.ts","timestamp":"2025-06-30T07:41:35.667Z"}
{"level":"info","message":"Server running --- from server.ts","timestamp":"2025-06-30T07:42:43.708Z"}
{"level":"info","message":"Server running --- from server.ts","timestamp":"2025-06-30T07:42:58.188Z"}
{"level":"info","message":"Server running --- from server.ts","timestamp":"2025-06-30T07:43:03.595Z"}
{"level":"info","message":"Server running --- from server.ts","timestamp":"2025-06-30T07:43:12.878Z"}
{"level":"info","message":"Server running --- from server.ts","timestamp":"2025-06-30T07:43:46.025Z"}
{"level":"info","message":"Server running --- from server.ts","timestamp":"2025-06-30T07:44:11.662Z"}
{"level":"info","message":"Server running --- from server.ts","timestamp":"2025-06-30T07:44:17.799Z"}
{"level":"info","message":"Server running --- from server.ts","timestamp":"2025-06-30T07:44:34.159Z"}
{"level":"info","message":"Server running --- from server.ts","timestamp":"2025-06-30T07:45:24.532Z"}
{"level":"info","message":"Server running --- from server.ts","timestamp":"2025-06-30T07:45:33.153Z"}
{"level":"info","message":"Server running --- from server.ts","timestamp":"2025-06-30T07:46:07.159Z"}
{"level":"info","message":"Server running --- from server.ts","timestamp":"2025-06-30T07:47:25.038Z"}
{"level":"info","message":"Server running --- from server.ts","timestamp":"2025-06-30T07:47:37.111Z"}
{"level":"info","message":"Server running --- from server.ts","timestamp":"2025-06-30T07:47:49.654Z"}
{"level":"info","message":"Server running --- from server.ts","timestamp":"2025-06-30T07:47:54.865Z"}
{"level":"info","message":"Server running --- from server.ts","timestamp":"2025-06-30T07:48:10.218Z"}
{"level":"info","message":"Server running --- from server.ts","timestamp":"2025-06-30T07:48:50.775Z"}
{"level":"info","message":"Server running --- from server.ts","timestamp":"2025-06-30T07:51:03.575Z"}
{"level":"error","message":"Server not running ---  New route /api/v1/settingsRoutes/updateAchievements conflicts with existing /api/v1/settingsRoutes/updateAchievements","name":"AssertError","stack":"AssertError: New route /api/v1/settingsRoutes/updateAchievements conflicts with existing /api/v1/settingsRoutes/updateAchievements\n    at module.exports.internals.Segment.internals.Segment.add (C:\\Users\\INDHU\\Desktop\\projects\\ZAD-Products-Admin\\node_modules\\@hapi\\call\\lib\\segment.js:47:14)\n    at exports.Router.internals.Router.internals.Router.add (C:\\Users\\INDHU\\Desktop\\projects\\ZAD-Products-Admin\\node_modules\\@hapi\\call\\lib\\index.js:65:16)\n    at internals.Server._addRoute (C:\\Users\\INDHU\\Desktop\\projects\\ZAD-Products-Admin\\node_modules\\@hapi\\hapi\\lib\\server.js:529:46)\n    at internals.Server.route (C:\\Users\\INDHU\\Desktop\\projects\\ZAD-Products-Admin\\node_modules\\@hapi\\hapi\\lib\\server.js:518:22)\n    at C:\\Users\\INDHU\\Desktop\\projects\\ZAD-Products-Admin\\src\\api\\settings\\routes.ts:12:14\n    at new Promise (<anonymous>)\n    at settingsRoutes.<anonymous> (C:\\Users\\INDHU\\Desktop\\projects\\ZAD-Products-Admin\\src\\api\\settings\\routes.ts:10:12)\n    at Generator.next (<anonymous>)\n    at C:\\Users\\INDHU\\Desktop\\projects\\ZAD-Products-Admin\\src\\api\\settings\\routes.ts:8:71\n    at new Promise (<anonymous>)","timestamp":"2025-06-30T07:51:14.854Z"}
{"level":"info","message":"Server running --- from server.ts","timestamp":"2025-06-30T07:51:20.456Z"}
{"level":"info","message":"Server running --- from server.ts","timestamp":"2025-06-30T07:51:44.225Z"}
{"level":"info","message":"Server running --- from server.ts","timestamp":"2025-06-30T07:52:02.505Z"}
{"level":"info","message":"Server running --- from server.ts","timestamp":"2025-06-30T07:52:17.689Z"}
{"level":"info","message":"Server running --- from server.ts","timestamp":"2025-06-30T07:53:07.623Z"}
{"level":"info","message":"Server running --- from server.ts","timestamp":"2025-06-30T07:53:23.052Z"}
{"level":"info","message":"Server running --- from server.ts","timestamp":"2025-06-30T07:53:32.325Z"}
{"level":"info","message":"Server running --- from server.ts","timestamp":"2025-06-30T07:53:44.686Z"}
{"level":"info","message":"Server running --- from server.ts","timestamp":"2025-06-30T07:54:17.190Z"}
{"level":"info","message":"Server running --- from server.ts","timestamp":"2025-06-30T07:57:20.453Z"}
{"level":"error","message":"Server not running ---  New route /api/v1/settingsRoutes/deleteAchievements conflicts with existing /api/v1/settingsRoutes/deleteAchievements","name":"AssertError","stack":"AssertError: New route /api/v1/settingsRoutes/deleteAchievements conflicts with existing /api/v1/settingsRoutes/deleteAchievements\n    at module.exports.internals.Segment.internals.Segment.add (C:\\Users\\INDHU\\Desktop\\projects\\ZAD-Products-Admin\\node_modules\\@hapi\\call\\lib\\segment.js:47:14)\n    at exports.Router.internals.Router.internals.Router.add (C:\\Users\\INDHU\\Desktop\\projects\\ZAD-Products-Admin\\node_modules\\@hapi\\call\\lib\\index.js:65:16)\n    at internals.Server._addRoute (C:\\Users\\INDHU\\Desktop\\projects\\ZAD-Products-Admin\\node_modules\\@hapi\\hapi\\lib\\server.js:529:46)\n    at internals.Server.route (C:\\Users\\INDHU\\Desktop\\projects\\ZAD-Products-Admin\\node_modules\\@hapi\\hapi\\lib\\server.js:518:22)\n    at C:\\Users\\INDHU\\Desktop\\projects\\ZAD-Products-Admin\\src\\api\\settings\\routes.ts:12:14\n    at new Promise (<anonymous>)\n    at settingsRoutes.<anonymous> (C:\\Users\\INDHU\\Desktop\\projects\\ZAD-Products-Admin\\src\\api\\settings\\routes.ts:10:12)\n    at Generator.next (<anonymous>)\n    at C:\\Users\\INDHU\\Desktop\\projects\\ZAD-Products-Admin\\src\\api\\settings\\routes.ts:8:71\n    at new Promise (<anonymous>)","timestamp":"2025-06-30T07:57:34.206Z"}
{"level":"info","message":"Server running --- from server.ts","timestamp":"2025-06-30T07:57:59.137Z"}
{"level":"info","message":"Server running --- from server.ts","timestamp":"2025-06-30T07:58:08.470Z"}
{"level":"info","message":"Server running --- from server.ts","timestamp":"2025-06-30T07:58:22.016Z"}
{"level":"info","message":"Server running --- from server.ts","timestamp":"2025-06-30T07:58:38.897Z"}
{"level":"info","message":"Server running --- from server.ts","timestamp":"2025-06-30T07:59:55.901Z"}
{"level":"error","message":"Server not running ---  New route /api/v1/settingsRoutes/listAchievements conflicts with existing /api/v1/settingsRoutes/listAchievements","name":"AssertError","stack":"AssertError: New route /api/v1/settingsRoutes/listAchievements conflicts with existing /api/v1/settingsRoutes/listAchievements\n    at module.exports.internals.Segment.internals.Segment.add (C:\\Users\\INDHU\\Desktop\\projects\\ZAD-Products-Admin\\node_modules\\@hapi\\call\\lib\\segment.js:47:14)\n    at exports.Router.internals.Router.internals.Router.add (C:\\Users\\INDHU\\Desktop\\projects\\ZAD-Products-Admin\\node_modules\\@hapi\\call\\lib\\index.js:65:16)\n    at internals.Server._addRoute (C:\\Users\\INDHU\\Desktop\\projects\\ZAD-Products-Admin\\node_modules\\@hapi\\hapi\\lib\\server.js:529:46)\n    at internals.Server.route (C:\\Users\\INDHU\\Desktop\\projects\\ZAD-Products-Admin\\node_modules\\@hapi\\hapi\\lib\\server.js:518:22)\n    at C:\\Users\\INDHU\\Desktop\\projects\\ZAD-Products-Admin\\src\\api\\settings\\routes.ts:12:14\n    at new Promise (<anonymous>)\n    at settingsRoutes.<anonymous> (C:\\Users\\INDHU\\Desktop\\projects\\ZAD-Products-Admin\\src\\api\\settings\\routes.ts:10:12)\n    at Generator.next (<anonymous>)\n    at C:\\Users\\INDHU\\Desktop\\projects\\ZAD-Products-Admin\\src\\api\\settings\\routes.ts:8:71\n    at new Promise (<anonymous>)","timestamp":"2025-06-30T08:01:02.987Z"}
{"level":"error","message":"Server not running ---  New route /api/v1/settingsRoutes/listAchievements conflicts with existing /api/v1/settingsRoutes/listAchievements","name":"AssertError","stack":"AssertError: New route /api/v1/settingsRoutes/listAchievements conflicts with existing /api/v1/settingsRoutes/listAchievements\n    at module.exports.internals.Segment.internals.Segment.add (C:\\Users\\INDHU\\Desktop\\projects\\ZAD-Products-Admin\\node_modules\\@hapi\\call\\lib\\segment.js:47:14)\n    at exports.Router.internals.Router.internals.Router.add (C:\\Users\\INDHU\\Desktop\\projects\\ZAD-Products-Admin\\node_modules\\@hapi\\call\\lib\\index.js:65:16)\n    at internals.Server._addRoute (C:\\Users\\INDHU\\Desktop\\projects\\ZAD-Products-Admin\\node_modules\\@hapi\\hapi\\lib\\server.js:529:46)\n    at internals.Server.route (C:\\Users\\INDHU\\Desktop\\projects\\ZAD-Products-Admin\\node_modules\\@hapi\\hapi\\lib\\server.js:518:22)\n    at C:\\Users\\INDHU\\Desktop\\projects\\ZAD-Products-Admin\\src\\api\\settings\\routes.ts:12:14\n    at new Promise (<anonymous>)\n    at settingsRoutes.<anonymous> (C:\\Users\\INDHU\\Desktop\\projects\\ZAD-Products-Admin\\src\\api\\settings\\routes.ts:10:12)\n    at Generator.next (<anonymous>)\n    at C:\\Users\\INDHU\\Desktop\\projects\\ZAD-Products-Admin\\src\\api\\settings\\routes.ts:8:71\n    at new Promise (<anonymous>)","timestamp":"2025-06-30T08:01:08.778Z"}
{"level":"error","message":"Server not running ---  New route /api/v1/settingsRoutes/listAchievements conflicts with existing /api/v1/settingsRoutes/listAchievements","name":"AssertError","stack":"AssertError: New route /api/v1/settingsRoutes/listAchievements conflicts with existing /api/v1/settingsRoutes/listAchievements\n    at module.exports.internals.Segment.internals.Segment.add (C:\\Users\\INDHU\\Desktop\\projects\\ZAD-Products-Admin\\node_modules\\@hapi\\call\\lib\\segment.js:47:14)\n    at exports.Router.internals.Router.internals.Router.add (C:\\Users\\INDHU\\Desktop\\projects\\ZAD-Products-Admin\\node_modules\\@hapi\\call\\lib\\index.js:65:16)\n    at internals.Server._addRoute (C:\\Users\\INDHU\\Desktop\\projects\\ZAD-Products-Admin\\node_modules\\@hapi\\hapi\\lib\\server.js:529:46)\n    at internals.Server.route (C:\\Users\\INDHU\\Desktop\\projects\\ZAD-Products-Admin\\node_modules\\@hapi\\hapi\\lib\\server.js:518:22)\n    at C:\\Users\\INDHU\\Desktop\\projects\\ZAD-Products-Admin\\src\\api\\settings\\routes.ts:12:14\n    at new Promise (<anonymous>)\n    at settingsRoutes.<anonymous> (C:\\Users\\INDHU\\Desktop\\projects\\ZAD-Products-Admin\\src\\api\\settings\\routes.ts:10:12)\n    at Generator.next (<anonymous>)\n    at C:\\Users\\INDHU\\Desktop\\projects\\ZAD-Products-Admin\\src\\api\\settings\\routes.ts:8:71\n    at new Promise (<anonymous>)","timestamp":"2025-06-30T08:01:14.034Z"}
{"level":"info","message":"Server running --- from server.ts","timestamp":"2025-06-30T08:01:22.653Z"}
{"level":"info","message":"GET URL REQ => http://192.168.29.236:6200/api/v1/adminRoutes/adminLogin","timestamp":"2025-06-30T08:01:22.898Z"}
{"level":"info","message":"GET URL REQ => http://192.168.29.236:6200/api/v1/adminRoutes/adminLogin","timestamp":"2025-06-30T08:01:23.818Z"}
{"level":"info","message":"GET URL REQ => http://192.168.29.236:6200/api/v1/adminRoutes/adminLogin","timestamp":"2025-06-30T08:01:23.825Z"}
{"level":"info","message":"GET URL REQ => http://192.168.29.236:6200/api/v1/adminRoutes/adminLogin","timestamp":"2025-06-30T08:01:57.772Z"}
{"level":"info","message":"GET URL REQ => http://192.168.29.236:6200/api/v1/adminRoutes/adminLogin","timestamp":"2025-06-30T08:02:41.890Z"}
{"level":"info","message":"GET URL REQ => http://192.168.29.236:6200/api/v1/adminRoutes/adminLogin","timestamp":"2025-06-30T08:05:25.260Z"}
{"level":"info","message":"Server running --- from server.ts","timestamp":"2025-06-30T08:07:03.788Z"}
{"level":"info","message":"GET URL REQ => http://192.168.29.236:6200/api/v1/adminRoutes/adminLogin","timestamp":"2025-06-30T08:07:03.985Z"}
{"level":"info","message":"Server running --- from server.ts","timestamp":"2025-06-30T08:08:38.673Z"}
{"level":"info","message":"Server running --- from server.ts","timestamp":"2025-06-30T08:08:45.233Z"}
{"level":"info","message":"Server running --- from server.ts","timestamp":"2025-06-30T08:09:37.565Z"}
{"level":"info","message":"Server running --- from server.ts","timestamp":"2025-06-30T08:13:02.242Z"}
{"level":"info","message":"Server running --- from server.ts","timestamp":"2025-06-30T08:14:40.691Z"}
{"level":"info","message":"Server running --- from server.ts","timestamp":"2025-06-30T08:16:22.524Z"}
{"level":"info","message":"Server running --- from server.ts","timestamp":"2025-06-30T08:16:57.557Z"}
{"level":"info","message":"Server running --- from server.ts","timestamp":"2025-06-30T08:19:57.497Z"}
{"level":"info","message":"GET URL REQ => http://192.168.29.236:6200/api/v1/adminRoutes/adminLogin","timestamp":"2025-06-30T08:19:57.857Z"}
{"level":"info","message":"Server running --- from server.ts","timestamp":"2025-06-30T08:20:14.372Z"}
{"level":"info","message":"Server running --- from server.ts","timestamp":"2025-06-30T08:20:28.500Z"}
{"level":"info","message":"Server running --- from server.ts","timestamp":"2025-06-30T08:21:55.645Z"}
{"level":"info","message":"Server running --- from server.ts","timestamp":"2025-06-30T09:02:18.354Z"}
{"level":"info","message":"Server running --- from server.ts","timestamp":"2025-06-30T09:02:23.643Z"}
{"level":"info","message":"Server running --- from server.ts","timestamp":"2025-06-30T09:02:26.957Z"}
{"level":"info","message":"Server running --- from server.ts","timestamp":"2025-06-30T09:02:41.436Z"}
{"level":"info","message":"Server running --- from server.ts","timestamp":"2025-06-30T09:02:58.906Z"}
{"level":"info","message":"Server running --- from server.ts","timestamp":"2025-06-30T09:03:09.704Z"}
{"level":"info","message":"Server running --- from server.ts","timestamp":"2025-06-30T09:03:13.000Z"}
{"level":"info","message":"Server running --- from server.ts","timestamp":"2025-06-30T09:13:09.047Z"}
{"level":"info","message":"Server running --- from server.ts","timestamp":"2025-06-30T09:13:58.399Z"}
{"level":"info","message":"Server running --- from server.ts","timestamp":"2025-06-30T09:14:46.505Z"}
{"level":"error","message":"Server not running ---  New route /api/v1/settingsRoutes/addReviews conflicts with existing /api/v1/settingsRoutes/addReviews","name":"AssertError","stack":"AssertError: New route /api/v1/settingsRoutes/addReviews conflicts with existing /api/v1/settingsRoutes/addReviews\n    at module.exports.internals.Segment.internals.Segment.add (C:\\Users\\INDHU\\Desktop\\projects\\ZAD-Products-Admin\\node_modules\\@hapi\\call\\lib\\segment.js:47:14)\n    at exports.Router.internals.Router.internals.Router.add (C:\\Users\\INDHU\\Desktop\\projects\\ZAD-Products-Admin\\node_modules\\@hapi\\call\\lib\\index.js:65:16)\n    at internals.Server._addRoute (C:\\Users\\INDHU\\Desktop\\projects\\ZAD-Products-Admin\\node_modules\\@hapi\\hapi\\lib\\server.js:529:46)\n    at internals.Server.route (C:\\Users\\INDHU\\Desktop\\projects\\ZAD-Products-Admin\\node_modules\\@hapi\\hapi\\lib\\server.js:518:22)\n    at C:\\Users\\INDHU\\Desktop\\projects\\ZAD-Products-Admin\\src\\api\\settings\\routes.ts:12:14\n    at new Promise (<anonymous>)\n    at settingsRoutes.<anonymous> (C:\\Users\\INDHU\\Desktop\\projects\\ZAD-Products-Admin\\src\\api\\settings\\routes.ts:10:12)\n    at Generator.next (<anonymous>)\n    at C:\\Users\\INDHU\\Desktop\\projects\\ZAD-Products-Admin\\src\\api\\settings\\routes.ts:8:71\n    at new Promise (<anonymous>)","timestamp":"2025-06-30T09:16:27.474Z"}
{"level":"info","message":"Server running --- from server.ts","timestamp":"2025-06-30T09:16:32.604Z"}
{"level":"info","message":"Server running --- from server.ts","timestamp":"2025-06-30T09:16:53.464Z"}
{"level":"info","message":"Server running --- from server.ts","timestamp":"2025-06-30T09:17:02.955Z"}
{"level":"info","message":"Server running --- from server.ts","timestamp":"2025-06-30T09:17:08.257Z"}
{"level":"info","message":"Server running --- from server.ts","timestamp":"2025-06-30T09:17:15.742Z"}
{"level":"info","message":"Server running --- from server.ts","timestamp":"2025-06-30T09:17:27.214Z"}
{"level":"info","message":"Server running --- from server.ts","timestamp":"2025-06-30T09:17:37.311Z"}
{"level":"info","message":"Server running --- from server.ts","timestamp":"2025-06-30T09:17:45.299Z"}
{"level":"info","message":"Server running --- from server.ts","timestamp":"2025-06-30T09:18:49.977Z"}
{"level":"info","message":"Server running --- from server.ts","timestamp":"2025-06-30T09:18:57.995Z"}
{"level":"error","message":"Server not running ---  New route /api/v1/settingsRoutes/updateReviews conflicts with existing /api/v1/settingsRoutes/updateReviews","name":"AssertError","stack":"AssertError: New route /api/v1/settingsRoutes/updateReviews conflicts with existing /api/v1/settingsRoutes/updateReviews\n    at module.exports.internals.Segment.internals.Segment.add (C:\\Users\\INDHU\\Desktop\\projects\\ZAD-Products-Admin\\node_modules\\@hapi\\call\\lib\\segment.js:47:14)\n    at exports.Router.internals.Router.internals.Router.add (C:\\Users\\INDHU\\Desktop\\projects\\ZAD-Products-Admin\\node_modules\\@hapi\\call\\lib\\index.js:65:16)\n    at internals.Server._addRoute (C:\\Users\\INDHU\\Desktop\\projects\\ZAD-Products-Admin\\node_modules\\@hapi\\hapi\\lib\\server.js:529:46)\n    at internals.Server.route (C:\\Users\\INDHU\\Desktop\\projects\\ZAD-Products-Admin\\node_modules\\@hapi\\hapi\\lib\\server.js:518:22)\n    at C:\\Users\\INDHU\\Desktop\\projects\\ZAD-Products-Admin\\src\\api\\settings\\routes.ts:12:14\n    at new Promise (<anonymous>)\n    at settingsRoutes.<anonymous> (C:\\Users\\INDHU\\Desktop\\projects\\ZAD-Products-Admin\\src\\api\\settings\\routes.ts:10:12)\n    at Generator.next (<anonymous>)\n    at C:\\Users\\INDHU\\Desktop\\projects\\ZAD-Products-Admin\\src\\api\\settings\\routes.ts:8:71\n    at new Promise (<anonymous>)","timestamp":"2025-06-30T09:20:37.396Z"}
{"level":"info","message":"Server running --- from server.ts","timestamp":"2025-06-30T09:20:45.530Z"}
{"level":"info","message":"Server running --- from server.ts","timestamp":"2025-06-30T09:21:03.568Z"}
{"level":"info","message":"Server running --- from server.ts","timestamp":"2025-06-30T09:21:26.905Z"}
{"level":"info","message":"Server running --- from server.ts","timestamp":"2025-06-30T09:21:54.800Z"}
{"level":"info","message":"Server running --- from server.ts","timestamp":"2025-06-30T09:22:16.258Z"}
{"level":"info","message":"Server running --- from server.ts","timestamp":"2025-06-30T09:22:23.276Z"}
{"level":"info","message":"Server running --- from server.ts","timestamp":"2025-06-30T09:22:28.308Z"}
{"level":"info","message":"Server running --- from server.ts","timestamp":"2025-06-30T09:22:47.033Z"}
{"level":"info","message":"Server running --- from server.ts","timestamp":"2025-06-30T09:23:08.473Z"}
{"level":"info","message":"Server running --- from server.ts","timestamp":"2025-06-30T09:23:14.847Z"}
{"level":"info","message":"Server running --- from server.ts","timestamp":"2025-06-30T09:24:00.321Z"}
{"level":"info","message":"Server running --- from server.ts","timestamp":"2025-06-30T09:26:04.217Z"}
{"level":"error","message":"Server not running ---  New route /api/v1/settingsRoutes/deleteReviews conflicts with existing /api/v1/settingsRoutes/deleteReviews","name":"AssertError","stack":"AssertError: New route /api/v1/settingsRoutes/deleteReviews conflicts with existing /api/v1/settingsRoutes/deleteReviews\n    at module.exports.internals.Segment.internals.Segment.add (C:\\Users\\INDHU\\Desktop\\projects\\ZAD-Products-Admin\\node_modules\\@hapi\\call\\lib\\segment.js:47:14)\n    at exports.Router.internals.Router.internals.Router.add (C:\\Users\\INDHU\\Desktop\\projects\\ZAD-Products-Admin\\node_modules\\@hapi\\call\\lib\\index.js:65:16)\n    at internals.Server._addRoute (C:\\Users\\INDHU\\Desktop\\projects\\ZAD-Products-Admin\\node_modules\\@hapi\\hapi\\lib\\server.js:529:46)\n    at internals.Server.route (C:\\Users\\INDHU\\Desktop\\projects\\ZAD-Products-Admin\\node_modules\\@hapi\\hapi\\lib\\server.js:518:22)\n    at C:\\Users\\INDHU\\Desktop\\projects\\ZAD-Products-Admin\\src\\api\\settings\\routes.ts:12:14\n    at new Promise (<anonymous>)\n    at settingsRoutes.<anonymous> (C:\\Users\\INDHU\\Desktop\\projects\\ZAD-Products-Admin\\src\\api\\settings\\routes.ts:10:12)\n    at Generator.next (<anonymous>)\n    at C:\\Users\\INDHU\\Desktop\\projects\\ZAD-Products-Admin\\src\\api\\settings\\routes.ts:8:71\n    at new Promise (<anonymous>)","timestamp":"2025-06-30T09:26:14.590Z"}
{"level":"info","message":"Server running --- from server.ts","timestamp":"2025-06-30T09:26:24.307Z"}
{"level":"info","message":"Server running --- from server.ts","timestamp":"2025-06-30T09:26:44.372Z"}
{"level":"info","message":"Server running --- from server.ts","timestamp":"2025-06-30T09:26:53.874Z"}
{"level":"info","message":"Server running --- from server.ts","timestamp":"2025-06-30T09:27:03.449Z"}
{"level":"info","message":"Server running --- from server.ts","timestamp":"2025-06-30T09:27:11.849Z"}
{"level":"info","message":"Server running --- from server.ts","timestamp":"2025-06-30T09:27:15.102Z"}
{"level":"info","message":"Server running --- from server.ts","timestamp":"2025-06-30T09:27:18.932Z"}
{"level":"info","message":"Server running --- from server.ts","timestamp":"2025-06-30T09:27:23.017Z"}
{"level":"info","message":"Server running --- from server.ts","timestamp":"2025-06-30T09:27:28.069Z"}
{"level":"info","message":"Server running --- from server.ts","timestamp":"2025-06-30T09:27:32.814Z"}
{"level":"info","message":"Server running --- from server.ts","timestamp":"2025-06-30T09:28:18.093Z"}
{"level":"info","message":"Server running --- from server.ts","timestamp":"2025-06-30T09:28:42.274Z"}
{"level":"info","message":"Server running --- from server.ts","timestamp":"2025-06-30T09:32:10.295Z"}
{"level":"error","message":"Server not running ---  New route /api/v1/adminRoutes/resetPassword conflicts with existing /api/v1/adminRoutes/resetPassword","name":"AssertError","stack":"AssertError: New route /api/v1/adminRoutes/resetPassword conflicts with existing /api/v1/adminRoutes/resetPassword\n    at module.exports.internals.Segment.internals.Segment.add (C:\\Users\\INDHU\\Desktop\\projects\\ZAD-Products-Admin\\node_modules\\@hapi\\call\\lib\\segment.js:47:14)\n    at exports.Router.internals.Router.internals.Router.add (C:\\Users\\INDHU\\Desktop\\projects\\ZAD-Products-Admin\\node_modules\\@hapi\\call\\lib\\index.js:65:16)\n    at internals.Server._addRoute (C:\\Users\\INDHU\\Desktop\\projects\\ZAD-Products-Admin\\node_modules\\@hapi\\hapi\\lib\\server.js:529:46)\n    at internals.Server.route (C:\\Users\\INDHU\\Desktop\\projects\\ZAD-Products-Admin\\node_modules\\@hapi\\hapi\\lib\\server.js:518:22)\n    at C:\\Users\\INDHU\\Desktop\\projects\\ZAD-Products-Admin\\src\\api\\admin\\routes.ts:12:14\n    at new Promise (<anonymous>)\n    at adminRoutes.<anonymous> (C:\\Users\\INDHU\\Desktop\\projects\\ZAD-Products-Admin\\src\\api\\admin\\routes.ts:10:12)\n    at Generator.next (<anonymous>)\n    at C:\\Users\\INDHU\\Desktop\\projects\\ZAD-Products-Admin\\src\\api\\admin\\routes.ts:8:71\n    at new Promise (<anonymous>)","timestamp":"2025-06-30T09:32:14.888Z"}
{"level":"info","message":"Server running --- from server.ts","timestamp":"2025-06-30T09:32:42.235Z"}
{"level":"info","message":"Server running --- from server.ts","timestamp":"2025-06-30T09:32:51.603Z"}
{"level":"info","message":"Server running --- from server.ts","timestamp":"2025-06-30T09:32:59.396Z"}
{"level":"info","message":"Server running --- from server.ts","timestamp":"2025-06-30T09:33:07.994Z"}
{"level":"info","message":"Server running --- from server.ts","timestamp":"2025-06-30T09:33:11.791Z"}
{"level":"info","message":"Server running --- from server.ts","timestamp":"2025-06-30T09:33:57.091Z"}
{"level":"info","message":"Server running --- from server.ts","timestamp":"2025-06-30T09:34:04.618Z"}
{"level":"info","message":"Server running --- from server.ts","timestamp":"2025-06-30T09:36:11.159Z"}
{"level":"info","message":"Server running --- from server.ts","timestamp":"2025-06-30T09:36:28.095Z"}
{"level":"info","message":"Server running --- from server.ts","timestamp":"2025-06-30T09:36:50.407Z"}
{"level":"info","message":"Server running --- from server.ts","timestamp":"2025-06-30T09:37:08.173Z"}
{"level":"info","message":"Server running --- from server.ts","timestamp":"2025-06-30T09:37:18.487Z"}
{"level":"info","message":"Server running --- from server.ts","timestamp":"2025-06-30T09:37:43.339Z"}
{"level":"info","message":"GET URL REQ => http://192.168.29.236:6200/api/v1/adminRoutes/adminLogin","timestamp":"2025-06-30T09:40:37.878Z"}
{"level":"info","message":"Server running --- from server.ts","timestamp":"2025-06-30T09:41:06.789Z"}
{"level":"info","message":"Server running --- from server.ts","timestamp":"2025-06-30T09:41:28.253Z"}
{"level":"info","message":"Server running --- from server.ts","timestamp":"2025-06-30T09:47:59.917Z"}
{"level":"info","message":"Server running --- from server.ts","timestamp":"2025-06-30T09:48:07.087Z"}
{"level":"info","message":"Server running --- from server.ts","timestamp":"2025-06-30T09:48:51.376Z"}
{"level":"info","message":"Server running --- from server.ts","timestamp":"2025-06-30T09:59:44.998Z"}
{"level":"error","message":"Server not running ---  New route /api/v1/adminRoutes/listProducts conflicts with existing /api/v1/adminRoutes/listProducts","name":"AssertError","stack":"AssertError: New route /api/v1/adminRoutes/listProducts conflicts with existing /api/v1/adminRoutes/listProducts\n    at module.exports.internals.Segment.internals.Segment.add (C:\\Users\\INDHU\\Desktop\\projects\\ZAD-Products-Admin\\node_modules\\@hapi\\call\\lib\\segment.js:47:14)\n    at exports.Router.internals.Router.internals.Router.add (C:\\Users\\INDHU\\Desktop\\projects\\ZAD-Products-Admin\\node_modules\\@hapi\\call\\lib\\index.js:65:16)\n    at internals.Server._addRoute (C:\\Users\\INDHU\\Desktop\\projects\\ZAD-Products-Admin\\node_modules\\@hapi\\hapi\\lib\\server.js:529:46)\n    at internals.Server.route (C:\\Users\\INDHU\\Desktop\\projects\\ZAD-Products-Admin\\node_modules\\@hapi\\hapi\\lib\\server.js:518:22)\n    at C:\\Users\\INDHU\\Desktop\\projects\\ZAD-Products-Admin\\src\\api\\admin\\routes.ts:12:14\n    at new Promise (<anonymous>)\n    at adminRoutes.<anonymous> (C:\\Users\\INDHU\\Desktop\\projects\\ZAD-Products-Admin\\src\\api\\admin\\routes.ts:10:12)\n    at Generator.next (<anonymous>)\n    at C:\\Users\\INDHU\\Desktop\\projects\\ZAD-Products-Admin\\src\\api\\admin\\routes.ts:8:71\n    at new Promise (<anonymous>)","timestamp":"2025-06-30T10:00:32.133Z"}
{"level":"error","message":"Server not running ---  New route /api/v1/adminRoutes/listProducts conflicts with existing /api/v1/adminRoutes/listProducts","name":"AssertError","stack":"AssertError: New route /api/v1/adminRoutes/listProducts conflicts with existing /api/v1/adminRoutes/listProducts\n    at module.exports.internals.Segment.internals.Segment.add (C:\\Users\\INDHU\\Desktop\\projects\\ZAD-Products-Admin\\node_modules\\@hapi\\call\\lib\\segment.js:47:14)\n    at exports.Router.internals.Router.internals.Router.add (C:\\Users\\INDHU\\Desktop\\projects\\ZAD-Products-Admin\\node_modules\\@hapi\\call\\lib\\index.js:65:16)\n    at internals.Server._addRoute (C:\\Users\\INDHU\\Desktop\\projects\\ZAD-Products-Admin\\node_modules\\@hapi\\hapi\\lib\\server.js:529:46)\n    at internals.Server.route (C:\\Users\\INDHU\\Desktop\\projects\\ZAD-Products-Admin\\node_modules\\@hapi\\hapi\\lib\\server.js:518:22)\n    at C:\\Users\\INDHU\\Desktop\\projects\\ZAD-Products-Admin\\src\\api\\admin\\routes.ts:12:14\n    at new Promise (<anonymous>)\n    at adminRoutes.<anonymous> (C:\\Users\\INDHU\\Desktop\\projects\\ZAD-Products-Admin\\src\\api\\admin\\routes.ts:10:12)\n    at Generator.next (<anonymous>)\n    at C:\\Users\\INDHU\\Desktop\\projects\\ZAD-Products-Admin\\src\\api\\admin\\routes.ts:8:71\n    at new Promise (<anonymous>)","timestamp":"2025-06-30T10:02:42.411Z"}
{"level":"info","message":"Server running --- from server.ts","timestamp":"2025-06-30T10:02:55.890Z"}
{"level":"info","message":"Server running --- from server.ts","timestamp":"2025-06-30T10:03:58.281Z"}
{"level":"info","message":"Server running --- from server.ts","timestamp":"2025-06-30T10:04:14.573Z"}
{"level":"info","message":"Server running --- from server.ts","timestamp":"2025-06-30T10:06:16.151Z"}
{"level":"info","message":"Server running --- from server.ts","timestamp":"2025-06-30T10:08:44.789Z"}
{"level":"info","message":"Server running --- from server.ts","timestamp":"2025-06-30T10:10:06.156Z"}
{"level":"info","message":"Server running --- from server.ts","timestamp":"2025-06-30T10:11:15.748Z"}
{"level":"info","message":"Server running --- from server.ts","timestamp":"2025-06-30T10:15:31.883Z"}
{"level":"info","message":"Server running --- from server.ts","timestamp":"2025-06-30T10:15:41.693Z"}
{"level":"info","message":"Server running --- from server.ts","timestamp":"2025-06-30T10:15:51.022Z"}
{"level":"info","message":"Server running --- from server.ts","timestamp":"2025-06-30T10:16:03.938Z"}
{"level":"info","message":"Server running --- from server.ts","timestamp":"2025-06-30T10:16:08.843Z"}
{"level":"info","message":"Server running --- from server.ts","timestamp":"2025-06-30T10:17:21.577Z"}
{"level":"info","message":"Server running --- from server.ts","timestamp":"2025-06-30T10:17:57.358Z"}
{"level":"info","message":"Server running --- from server.ts","timestamp":"2025-06-30T10:18:18.679Z"}
{"level":"info","message":"Server running --- from server.ts","timestamp":"2025-06-30T10:18:33.898Z"}
{"level":"info","message":"Server running --- from server.ts","timestamp":"2025-06-30T10:20:36.413Z"}
{"level":"info","message":"Server running --- from server.ts","timestamp":"2025-06-30T10:20:41.994Z"}
{"level":"info","message":"Server running --- from server.ts","timestamp":"2025-06-30T10:21:51.327Z"}
{"level":"info","message":"GET URL REQ => http://192.168.29.236:6200/api/v1/adminRoutes/addProducts","timestamp":"2025-06-30T10:23:03.369Z"}
{"level":"info","message":"Server running --- from server.ts","timestamp":"2025-06-30T10:25:38.963Z"}
{"level":"info","message":"Server running --- from server.ts","timestamp":"2025-06-30T10:26:47.091Z"}
{"level":"info","message":"Server running --- from server.ts","timestamp":"2025-06-30T10:27:36.829Z"}
{"level":"info","message":"GET URL REQ => http://192.168.29.236:6200/api/v1/adminRoutes/addProducts","timestamp":"2025-06-30T10:29:01.703Z"}
{"level":"info","message":"GET URL REQ => http://192.168.29.236:6200/api/v1/adminRoutes/addProducts","timestamp":"2025-06-30T10:29:29.829Z"}
{"level":"info","message":"Server running --- from server.ts","timestamp":"2025-06-30T10:34:31.632Z"}
{"level":"info","message":"Server running --- from server.ts","timestamp":"2025-06-30T10:34:38.562Z"}
{"level":"info","message":"Server running --- from server.ts","timestamp":"2025-06-30T10:35:35.178Z"}
{"level":"info","message":"Server running --- from server.ts","timestamp":"2025-06-30T10:36:30.622Z"}
{"level":"info","message":"Server running --- from server.ts","timestamp":"2025-06-30T10:37:11.893Z"}
{"level":"info","message":"GET URL REQ => http://192.168.29.236:6200/api/v1/adminRoutes/listProducts","timestamp":"2025-06-30T10:37:12.124Z"}
{"level":"info","message":"GET URL REQ => http://192.168.29.236:6200/api/v1/adminRoutes/listProducts","timestamp":"2025-06-30T10:37:12.355Z"}
{"level":"info","message":"GET URL REQ => http://192.168.29.236:6200/api/v1/adminRoutes/listProducts","timestamp":"2025-06-30T10:39:23.556Z"}
{"level":"info","message":"GET URL REQ => http://192.168.29.236:6200/api/v1/adminRoutes/listProducts","timestamp":"2025-06-30T10:39:23.709Z"}
{"level":"info","message":"Server running --- from server.ts","timestamp":"2025-06-30T10:39:41.864Z"}
{"level":"info","message":"Server running --- from server.ts","timestamp":"2025-06-30T10:40:20.707Z"}
{"level":"info","message":"GET URL REQ => http://192.168.29.236:6200/api/v1/adminRoutes/listProducts","timestamp":"2025-06-30T10:40:31.051Z"}
{"level":"info","message":"GET URL REQ => http://192.168.29.236:6200/api/v1/adminRoutes/listProducts","timestamp":"2025-06-30T10:40:31.366Z"}
{"level":"info","message":"GET URL REQ => http://192.168.29.236:6200/api/v1/adminRoutes/listProducts","timestamp":"2025-06-30T10:40:58.032Z"}
{"level":"info","message":"GET URL REQ => http://192.168.29.236:6200/api/v1/adminRoutes/listProducts","timestamp":"2025-06-30T10:40:58.176Z"}
{"level":"info","message":"GET URL REQ => http://192.168.29.236:6200/api/v1/adminRoutes/listProducts","timestamp":"2025-06-30T10:41:12.474Z"}
{"level":"info","message":"GET URL REQ => http://192.168.29.236:6200/api/v1/adminRoutes/listProducts","timestamp":"2025-06-30T10:41:12.633Z"}
{"level":"info","message":"GET URL REQ => http://192.168.29.236:6200/api/v1/adminRoutes/addProducts","timestamp":"2025-06-30T10:42:18.205Z"}
{"level":"info","message":"Server running --- from server.ts","timestamp":"2025-06-30T10:42:33.713Z"}
{"level":"info","message":"GET URL REQ => http://192.168.29.236:6200/api/v1/adminRoutes/listProducts","timestamp":"2025-06-30T10:42:33.806Z"}
{"level":"info","message":"GET URL REQ => http://192.168.29.236:6200/api/v1/adminRoutes/listProducts","timestamp":"2025-06-30T10:42:33.944Z"}
{"level":"info","message":"GET URL REQ => http://192.168.29.236:6200/api/v1/adminRoutes/listProducts","timestamp":"2025-06-30T10:42:35.733Z"}
{"level":"info","message":"GET URL REQ => http://192.168.29.236:6200/api/v1/adminRoutes/listProducts","timestamp":"2025-06-30T10:42:35.793Z"}
{"level":"info","message":"GET URL REQ => http://192.168.29.236:6200/api/v1/adminRoutes/listProducts","timestamp":"2025-06-30T10:42:44.337Z"}
{"level":"info","message":"GET URL REQ => http://192.168.29.236:6200/api/v1/adminRoutes/listProducts","timestamp":"2025-06-30T10:42:44.375Z"}
{"level":"info","message":"Server running --- from server.ts","timestamp":"2025-06-30T10:42:49.454Z"}
{"level":"info","message":"Server running --- from server.ts","timestamp":"2025-06-30T10:43:08.343Z"}
{"level":"info","message":"GET URL REQ => http://192.168.29.236:6200/api/v1/adminRoutes/listProducts","timestamp":"2025-06-30T10:43:29.032Z"}
{"level":"info","message":"GET URL REQ => http://192.168.29.236:6200/api/v1/adminRoutes/listProducts","timestamp":"2025-06-30T10:43:29.301Z"}
{"level":"info","message":"Server running --- from server.ts","timestamp":"2025-06-30T10:43:45.031Z"}
{"level":"info","message":"GET URL REQ => http://192.168.29.236:6200/api/v1/adminRoutes/listProducts","timestamp":"2025-06-30T10:43:45.402Z"}
{"level":"info","message":"GET URL REQ => http://192.168.29.236:6200/api/v1/adminRoutes/listProducts","timestamp":"2025-06-30T10:43:45.509Z"}
{"level":"info","message":"GET URL REQ => http://192.168.29.236:6200/api/v1/adminRoutes/listProducts","timestamp":"2025-06-30T10:43:55.115Z"}
{"level":"info","message":"GET URL REQ => http://192.168.29.236:6200/api/v1/adminRoutes/listProducts","timestamp":"2025-06-30T10:43:55.140Z"}
{"level":"info","message":"Server running --- from server.ts","timestamp":"2025-06-30T10:45:01.159Z"}
{"level":"info","message":"GET URL REQ => http://192.168.29.236:6200/api/v1/adminRoutes/listProducts","timestamp":"2025-06-30T10:45:05.332Z"}
{"level":"info","message":"GET URL REQ => http://192.168.29.236:6200/api/v1/adminRoutes/listProducts","timestamp":"2025-06-30T10:45:05.495Z"}
{"level":"info","message":"GET URL REQ => http://192.168.29.236:6200/api/v1/adminRoutes/listProducts","timestamp":"2025-06-30T10:45:58.809Z"}
{"level":"info","message":"GET URL REQ => http://192.168.29.236:6200/api/v1/adminRoutes/listProducts","timestamp":"2025-06-30T10:45:59.058Z"}
{"level":"info","message":"GET URL REQ => http://192.168.29.236:6200/api/v1/adminRoutes/listProducts","timestamp":"2025-06-30T10:46:46.633Z"}
{"level":"info","message":"Server running --- from server.ts","timestamp":"2025-06-30T10:50:04.226Z"}
{"level":"info","message":"Server running --- from server.ts","timestamp":"2025-06-30T10:51:30.111Z"}
{"level":"info","message":"GET URL REQ => http://192.168.29.236:6200/api/v1/adminRoutes/listProducts","timestamp":"2025-06-30T10:51:40.741Z"}
{"level":"info","message":"GET URL REQ => http://192.168.29.236:6200/api/v1/adminRoutes/listProducts","timestamp":"2025-06-30T10:51:40.896Z"}
{"level":"info","message":"GET URL REQ => http://192.168.29.236:6200/api/v1/adminRoutes/listProducts","timestamp":"2025-06-30T10:51:43.268Z"}
{"level":"info","message":"GET URL REQ => http://192.168.29.236:6200/api/v1/adminRoutes/listProducts","timestamp":"2025-06-30T10:51:43.300Z"}
{"level":"info","message":"GET URL REQ => http://192.168.29.236:6200/api/v1/adminRoutes/listProducts","timestamp":"2025-06-30T10:51:48.700Z"}
{"level":"info","message":"GET URL REQ => http://192.168.29.236:6200/api/v1/adminRoutes/listProducts","timestamp":"2025-06-30T10:51:48.733Z"}
{"level":"info","message":"GET URL REQ => http://192.168.29.236:6200/api/v1/adminRoutes/listProducts","timestamp":"2025-06-30T10:53:14.743Z"}
{"level":"info","message":"GET URL REQ => http://192.168.29.236:6200/api/v1/adminRoutes/listProducts","timestamp":"2025-06-30T10:53:14.962Z"}
{"level":"info","message":"Server running --- from server.ts","timestamp":"2025-06-30T10:55:59.027Z"}
{"level":"info","message":"GET URL REQ => http://192.168.29.236:6200/api/v1/adminRoutes/listProducts","timestamp":"2025-06-30T10:56:50.926Z"}
{"level":"info","message":"GET URL REQ => http://192.168.29.236:6200/api/v1/adminRoutes/listProducts","timestamp":"2025-06-30T10:56:51.186Z"}
{"level":"info","message":"Server running --- from server.ts","timestamp":"2025-06-30T10:57:34.129Z"}
{"level":"info","message":"Server running --- from server.ts","timestamp":"2025-06-30T10:59:14.053Z"}
{"level":"info","message":"Server running --- from server.ts","timestamp":"2025-06-30T10:59:33.419Z"}
{"level":"info","message":"GET URL REQ => http://192.168.29.236:6200/api/v1/adminRoutes/listProducts","timestamp":"2025-06-30T11:00:27.640Z"}
{"level":"info","message":"GET URL REQ => http://192.168.29.236:6200/api/v1/adminRoutes/listProducts","timestamp":"2025-06-30T11:00:27.762Z"}
{"level":"info","message":"GET URL REQ => http://192.168.29.236:6200/api/v1/adminRoutes/listProducts","timestamp":"2025-06-30T11:00:27.782Z"}
{"level":"info","message":"GET URL REQ => http://192.168.29.236:6200/api/v1/adminRoutes/listProducts","timestamp":"2025-06-30T11:00:27.803Z"}
{"level":"info","message":"GET URL REQ => http://192.168.29.236:6200/api/v1/adminRoutes/listProducts","timestamp":"2025-06-30T11:01:32.779Z"}
{"level":"info","message":"GET URL REQ => http://192.168.29.236:6200/api/v1/adminRoutes/listProducts","timestamp":"2025-06-30T11:01:32.980Z"}
{"level":"info","message":"GET URL REQ => http://192.168.29.236:6200/api/v1/adminRoutes/listProducts","timestamp":"2025-06-30T11:02:17.552Z"}
{"level":"info","message":"GET URL REQ => http://192.168.29.236:6200/api/v1/adminRoutes/listProducts","timestamp":"2025-06-30T11:02:17.788Z"}
{"level":"info","message":"GET URL REQ => http://192.168.29.236:6200/api/v1/adminRoutes/listProducts","timestamp":"2025-06-30T11:02:28.107Z"}
{"level":"info","message":"GET URL REQ => http://192.168.29.236:6200/api/v1/adminRoutes/listProducts","timestamp":"2025-06-30T11:02:28.408Z"}
{"level":"info","message":"GET URL REQ => http://192.168.29.236:6200/api/v1/adminRoutes/listProducts","timestamp":"2025-06-30T11:02:33.832Z"}
{"level":"info","message":"GET URL REQ => http://192.168.29.236:6200/api/v1/adminRoutes/listProducts","timestamp":"2025-06-30T11:02:33.875Z"}
{"level":"info","message":"GET URL REQ => http://192.168.29.236:6200/api/v1/adminRoutes/listProducts","timestamp":"2025-06-30T11:02:51.871Z"}
{"level":"info","message":"GET URL REQ => http://192.168.29.236:6200/api/v1/adminRoutes/listProducts","timestamp":"2025-06-30T11:02:51.996Z"}
{"level":"info","message":"Server running --- from server.ts","timestamp":"2025-06-30T11:03:11.494Z"}
{"level":"info","message":"GET URL REQ => http://192.168.29.236:6200/api/v1/adminRoutes/listProducts","timestamp":"2025-06-30T11:03:34.729Z"}
{"level":"info","message":"GET URL REQ => http://192.168.29.236:6200/api/v1/adminRoutes/listProducts","timestamp":"2025-06-30T11:03:34.982Z"}
{"level":"info","message":"Server running --- from server.ts","timestamp":"2025-06-30T11:03:49.708Z"}
{"level":"info","message":"GET URL REQ => http://192.168.29.236:6200/api/v1/adminRoutes/listProducts","timestamp":"2025-06-30T11:05:37.758Z"}
{"level":"info","message":"GET URL REQ => http://192.168.29.236:6200/api/v1/adminRoutes/listProducts","timestamp":"2025-06-30T11:05:37.907Z"}
{"level":"info","message":"Server running --- from server.ts","timestamp":"2025-06-30T11:06:03.510Z"}
{"level":"info","message":"Server running --- from server.ts","timestamp":"2025-06-30T11:06:58.144Z"}
{"level":"info","message":"Server running --- from server.ts","timestamp":"2025-06-30T11:07:24.727Z"}
{"level":"info","message":"GET URL REQ => http://192.168.29.236:6200/api/v1/adminRoutes/listProducts","timestamp":"2025-06-30T11:08:03.820Z"}
{"level":"info","message":"GET URL REQ => http://192.168.29.236:6200/api/v1/adminRoutes/listProducts","timestamp":"2025-06-30T11:08:03.994Z"}
{"level":"info","message":"Server running --- from server.ts","timestamp":"2025-06-30T11:10:23.104Z"}
{"level":"info","message":"GET URL REQ => http://192.168.29.236:6200/api/v1/adminRoutes/listProducts","timestamp":"2025-06-30T11:12:18.990Z"}
{"level":"info","message":"GET URL REQ => http://192.168.29.236:6200/api/v1/adminRoutes/listProducts","timestamp":"2025-06-30T11:12:19.175Z"}
{"level":"info","message":"Server running --- from server.ts","timestamp":"2025-06-30T11:23:03.639Z"}
{"level":"info","message":"Server running --- from server.ts","timestamp":"2025-06-30T11:24:38.509Z"}
{"level":"info","message":"Server running --- from server.ts","timestamp":"2025-06-30T11:24:56.495Z"}
{"level":"info","message":"Server running --- from server.ts","timestamp":"2025-06-30T11:25:16.251Z"}
{"level":"info","message":"GET URL REQ => http://192.168.29.236:6200/api/v1/adminRoutes/listProducts","timestamp":"2025-06-30T11:25:19.815Z"}
{"level":"info","message":"GET URL REQ => http://192.168.29.236:6200/api/v1/adminRoutes/listProducts","timestamp":"2025-06-30T11:25:20.083Z"}
{"level":"info","message":"GET URL REQ => http://192.168.29.236:6200/api/v1/adminRoutes/listProducts","timestamp":"2025-06-30T11:29:39.953Z"}
{"level":"info","message":"GET URL REQ => http://192.168.29.236:6200/api/v1/adminRoutes/listProducts","timestamp":"2025-06-30T11:29:40.057Z"}
{"level":"info","message":"Server running --- from server.ts","timestamp":"2025-06-30T11:30:34.832Z"}
{"level":"info","message":"Server running --- from server.ts","timestamp":"2025-06-30T11:31:51.808Z"}
{"level":"info","message":"GET URL REQ => http://192.168.29.236:6200/api/v1/adminRoutes/listProducts","timestamp":"2025-06-30T11:32:43.487Z"}
{"level":"info","message":"GET URL REQ => http://192.168.29.236:6200/api/v1/adminRoutes/listProducts","timestamp":"2025-06-30T11:32:43.726Z"}
{"level":"info","message":"Server running --- from server.ts","timestamp":"2025-06-30T11:43:20.988Z"}
{"level":"info","message":"Server running --- from server.ts","timestamp":"2025-06-30T11:49:03.623Z"}
{"level":"info","message":"GET URL REQ => http://192.168.29.236:6200/api/v1/adminRoutes/adminLogin","timestamp":"2025-06-30T11:51:34.463Z"}
{"level":"info","message":"GET URL REQ => http://192.168.29.236:6200/api/v1/adminRoutes/adminLogin","timestamp":"2025-06-30T11:51:46.355Z"}
{"level":"info","message":"GET URL REQ => http://192.168.29.236:6200/api/v1/adminRoutes/adminLogin","timestamp":"2025-06-30T11:51:54.230Z"}
{"level":"info","message":"GET URL REQ => http://192.168.29.236:6200/api/v1/adminRoutes/adminLogin","timestamp":"2025-06-30T11:52:10.200Z"}
{"level":"info","message":"GET URL REQ => http://192.168.29.236:6200/api/v1/adminRoutes/adminLogin","timestamp":"2025-06-30T11:53:07.247Z"}
{"level":"info","message":"GET URL REQ => http://192.168.29.236:6200/api/v1/adminRoutes/adminLogin","timestamp":"2025-06-30T11:54:07.247Z"}
{"level":"info","message":"GET URL REQ => http://192.168.29.236:6200/api/v1/adminRoutes/adminLogin","timestamp":"2025-06-30T11:54:18.495Z"}
{"level":"info","message":"GET URL REQ => http://192.168.29.236:6200/api/v1/adminRoutes/adminLogin","timestamp":"2025-06-30T11:57:11.974Z"}
{"level":"info","message":"GET URL REQ => http://192.168.1.132:6200/api/v1/adminRoutes/adminLogin","timestamp":"2025-06-30T11:59:35.618Z"}
{"level":"info","message":"GET URL REQ => http://192.168.1.132:6200/api/v1/adminRoutes/adminLogin","timestamp":"2025-06-30T12:01:29.446Z"}
{"level":"info","message":"GET URL REQ => http://192.168.1.132:6200/api/v1/adminRoutes/adminLogin","timestamp":"2025-06-30T12:03:42.541Z"}
{"level":"info","message":"GET URL REQ => http://192.168.1.132:6200/api/v1/adminRoutes/listProducts","timestamp":"2025-06-30T12:03:58.627Z"}
{"level":"info","message":"GET URL REQ => http://192.168.1.132:6200/api/v1/adminRoutes/listProducts","timestamp":"2025-06-30T12:03:58.730Z"}
{"level":"info","message":"GET URL REQ => http://192.168.1.132:6200/api/v1/adminRoutes/listProducts","timestamp":"2025-06-30T12:04:01.694Z"}
{"level":"info","message":"GET URL REQ => http://192.168.1.132:6200/api/v1/adminRoutes/listProducts","timestamp":"2025-06-30T12:04:01.721Z"}
{"level":"info","message":"Server running --- from server.ts","timestamp":"2025-06-30T12:08:47.309Z"}
{"level":"info","message":"Server running --- from server.ts","timestamp":"2025-06-30T12:12:42.429Z"}
{"level":"info","message":"Server running --- from server.ts","timestamp":"2025-06-30T12:14:52.625Z"}
{"level":"info","message":"GET URL REQ => http://192.168.1.132:6200/api/v1/adminRoutes/adminLogin","timestamp":"2025-06-30T12:16:48.998Z"}
{"level":"info","message":"GET URL REQ => http://192.168.1.132:6200/api/v1/adminRoutes/adminLogin","timestamp":"2025-06-30T12:18:19.807Z"}
{"level":"info","message":"GET URL REQ => http://192.168.1.132:6200/api/v1/adminRoutes/adminLogin","timestamp":"2025-06-30T12:19:04.757Z"}
{"level":"info","message":"Server running --- from server.ts","timestamp":"2025-06-30T12:21:01.372Z"}
{"level":"info","message":"GET URL REQ => http://192.168.1.132:6200/api/v1/adminRoutes/adminLogin","timestamp":"2025-06-30T12:21:02.955Z"}
{"level":"info","message":"Server running --- from server.ts","timestamp":"2025-06-30T12:21:57.197Z"}
{"level":"info","message":"GET URL REQ => http://192.168.1.132:6200/api/v1/adminRoutes/adminLogin","timestamp":"2025-06-30T12:31:58.466Z"}
{"level":"info","message":"GET URL REQ => http://192.168.1.132:6200/api/v1/adminRoutes/adminLogin","timestamp":"2025-06-30T12:32:26.748Z"}
{"level":"info","message":"GET URL REQ => http://192.168.1.132:6200/api/v1/adminRoutes/adminLogin","timestamp":"2025-06-30T12:35:51.552Z"}
{"level":"info","message":"GET URL REQ => http://192.168.1.132:6200/api/v1/settingsRoutes/addBlogs","timestamp":"2025-06-30T12:43:56.247Z"}
{"level":"info","message":"GET URL REQ => http://192.168.1.132:6200/api/v1/settingsRoutes/addBlogs","timestamp":"2025-06-30T12:46:05.756Z"}
{"level":"info","message":"GET URL REQ => http://192.168.1.132:6200/api/v1/adminRoutes/listProducts","timestamp":"2025-06-30T12:47:09.235Z"}
{"level":"info","message":"GET URL REQ => http://192.168.1.132:6200/api/v1/adminRoutes/listProducts","timestamp":"2025-06-30T12:47:09.336Z"}
{"level":"info","message":"GET URL REQ => http://192.168.1.132:6200/api/v1/settingsRoutes/addBlogs","timestamp":"2025-06-30T12:47:26.750Z"}
{"level":"info","message":"Server running --- from server.ts","timestamp":"2025-06-30T12:47:39.298Z"}
{"level":"info","message":"GET URL REQ => http://192.168.1.132:6200/api/v1/adminRoutes/adminLogin","timestamp":"2025-06-30T12:48:05.028Z"}
{"level":"info","message":"GET URL REQ => http://192.168.1.132:6200/api/v1/adminRoutes/listProducts","timestamp":"2025-06-30T12:48:18.154Z"}
{"level":"info","message":"GET URL REQ => http://192.168.1.132:6200/api/v1/adminRoutes/listProducts","timestamp":"2025-06-30T12:48:18.280Z"}
{"level":"info","message":"GET URL REQ => http://192.168.1.132:6200/api/v1/settingsRoutes/listBlogs","timestamp":"2025-06-30T12:52:57.502Z"}
{"level":"info","message":"GET URL REQ => http://192.168.1.132:6200/api/v1/settingsRoutes/listBlogs","timestamp":"2025-06-30T12:52:57.527Z"}
{"level":"info","message":"Server running --- from server.ts","timestamp":"2025-06-30T12:54:25.677Z"}
{"level":"info","message":"GET URL REQ => http://192.168.1.132:6200/api/v1/settingsRoutes/listBlogs","timestamp":"2025-06-30T12:54:26.101Z"}
{"level":"info","message":"GET URL REQ => http://192.168.1.132:6200/api/v1/settingsRoutes/listBlogs","timestamp":"2025-06-30T12:54:26.137Z"}
{"level":"info","message":"Server running --- from server.ts","timestamp":"2025-06-30T12:55:48.135Z"}
{"level":"info","message":"GET URL REQ => http://192.168.1.132:6200/api/v1/settingsRoutes/listBlogs","timestamp":"2025-06-30T13:03:32.179Z"}
{"level":"info","message":"GET URL REQ => http://192.168.1.132:6200/api/v1/settingsRoutes/listBlogs","timestamp":"2025-06-30T13:03:32.197Z"}
{"level":"info","message":"GET URL REQ => http://192.168.1.132:6200/api/v1/settingsRoutes/listBlogs","timestamp":"2025-06-30T13:04:54.084Z"}
{"level":"info","message":"GET URL REQ => http://192.168.1.132:6200/api/v1/settingsRoutes/listBlogs","timestamp":"2025-06-30T13:04:54.105Z"}
{"level":"info","message":"GET URL REQ => http://192.168.1.132:6200/api/v1/settingsRoutes/listBlogs","timestamp":"2025-06-30T13:06:03.494Z"}
{"level":"info","message":"GET URL REQ => http://192.168.1.132:6200/api/v1/settingsRoutes/listBlogs","timestamp":"2025-06-30T13:06:03.523Z"}
{"level":"info","message":"GET URL REQ => http://192.168.1.132:6200/api/v1/settingsRoutes/listBlogs","timestamp":"2025-06-30T13:07:46.121Z"}
{"level":"info","message":"GET URL REQ => http://192.168.1.132:6200/api/v1/settingsRoutes/listBlogs","timestamp":"2025-06-30T13:07:46.128Z"}
{"level":"info","message":"Server running --- from server.ts","timestamp":"2025-06-30T13:07:52.272Z"}
{"level":"info","message":"GET URL REQ => http://192.168.1.132:6200/api/v1/settingsRoutes/deleteBlogs","timestamp":"2025-06-30T13:07:52.427Z"}
{"level":"info","message":"GET URL REQ => http://192.168.1.132:6200/api/v1/settingsRoutes/deleteBlogs","timestamp":"2025-06-30T13:08:34.554Z"}
{"level":"info","message":"GET URL REQ => http://192.168.1.132:6200/api/v1/settingsRoutes/listBlogs","timestamp":"2025-06-30T13:08:40.293Z"}
{"level":"info","message":"GET URL REQ => http://192.168.1.132:6200/api/v1/settingsRoutes/listBlogs","timestamp":"2025-06-30T13:08:40.318Z"}
{"level":"info","message":"GET URL REQ => http://192.168.1.132:6200/api/v1/settingsRoutes/deleteBlogs","timestamp":"2025-06-30T13:08:45.105Z"}
{"level":"info","message":"GET URL REQ => http://192.168.1.132:6200/api/v1/settingsRoutes/listBlogs","timestamp":"2025-06-30T13:09:37.270Z"}
{"level":"info","message":"GET URL REQ => http://192.168.1.132:6200/api/v1/settingsRoutes/listBlogs","timestamp":"2025-06-30T13:09:37.298Z"}
{"level":"info","message":"Server running --- from server.ts","timestamp":"2025-06-30T13:10:20.529Z"}
