{"level":"info","message":"Server running --- from server.ts","timestamp":"2025-07-02T04:51:51.824Z"}
{"level":"info","message":"Server running --- from server.ts","timestamp":"2025-07-02T04:57:49.410Z"}
{"level":"info","message":"Server running --- from server.ts","timestamp":"2025-07-02T04:58:24.213Z"}
{"level":"info","message":"Server running --- from server.ts","timestamp":"2025-07-02T04:59:08.297Z"}
{"level":"info","message":"Server running --- from server.ts","timestamp":"2025-07-02T04:59:37.152Z"}
{"level":"info","message":"Server running --- from server.ts","timestamp":"2025-07-02T05:04:53.329Z"}
{"level":"info","message":"Server running --- from server.ts","timestamp":"2025-07-02T05:06:27.445Z"}
{"level":"info","message":"Server running --- from server.ts","timestamp":"2025-07-02T05:06:50.191Z"}
{"level":"info","message":"Server running --- from server.ts","timestamp":"2025-07-02T05:07:24.652Z"}
{"level":"info","message":"Server running --- from server.ts","timestamp":"2025-07-02T05:07:52.117Z"}
{"level":"info","message":"Server running --- from server.ts","timestamp":"2025-07-02T05:10:12.068Z"}
{"level":"info","message":"Server running --- from server.ts","timestamp":"2025-07-02T05:11:54.956Z"}
{"level":"info","message":"Server running --- from server.ts","timestamp":"2025-07-02T05:13:28.905Z"}
{"level":"info","message":"Server running --- from server.ts","timestamp":"2025-07-02T05:13:38.009Z"}
{"level":"info","message":"Server running --- from server.ts","timestamp":"2025-07-02T05:13:46.064Z"}
{"level":"info","message":"Server running --- from server.ts","timestamp":"2025-07-02T05:16:15.121Z"}
{"level":"info","message":"Server running --- from server.ts","timestamp":"2025-07-02T05:20:11.108Z"}
{"level":"info","message":"Server running --- from server.ts","timestamp":"2025-07-02T05:20:40.520Z"}
{"level":"info","message":"Server running --- from server.ts","timestamp":"2025-07-02T05:22:26.512Z"}
{"level":"info","message":"Server running --- from server.ts","timestamp":"2025-07-02T05:23:52.482Z"}
{"level":"info","message":"Server running --- from server.ts","timestamp":"2025-07-02T05:26:47.601Z"}
{"level":"info","message":"Server running --- from server.ts","timestamp":"2025-07-02T05:49:19.194Z"}
{"level":"info","message":"Server running --- from server.ts","timestamp":"2025-07-02T05:49:23.989Z"}
{"level":"info","message":"Server running --- from server.ts","timestamp":"2025-07-02T06:02:00.680Z"}
{"level":"info","message":"Server running --- from server.ts","timestamp":"2025-07-02T06:11:21.426Z"}
{"level":"info","message":"Server running --- from server.ts","timestamp":"2025-07-02T06:14:56.957Z"}
{"level":"info","message":"Server running --- from server.ts","timestamp":"2025-07-02T06:19:40.605Z"}
{"level":"info","message":"Server running --- from server.ts","timestamp":"2025-07-02T06:20:30.256Z"}
{"level":"info","message":"GET URL REQ => http://localhost:6200/api/v1/UserRoutes/listBlogs","timestamp":"2025-07-02T06:21:35.678Z"}
{"level":"info","message":"Server running --- from server.ts","timestamp":"2025-07-02T06:23:32.767Z"}
{"level":"info","message":"GET URL REQ => http://localhost:6200/api/v1/UserRoutes/listBlogs","timestamp":"2025-07-02T06:23:36.500Z"}
{"level":"info","message":"GET URL REQ => http://localhost:6200/api/v1/UserRoutes/listBlogs","timestamp":"2025-07-02T06:24:25.934Z"}
{"level":"info","message":"Server running --- from server.ts","timestamp":"2025-07-02T06:24:47.157Z"}
{"level":"info","message":"GET URL REQ => http://localhost:6200/api/v1/UserRoutes/listBlogs","timestamp":"2025-07-02T06:24:47.993Z"}
{"level":"info","message":"GET URL REQ => http://localhost:6200/api/v1/UserRoutes/listBlogs","timestamp":"2025-07-02T06:25:07.406Z"}
{"level":"info","message":"Server running --- from server.ts","timestamp":"2025-07-02T06:25:28.571Z"}
{"level":"info","message":"Server running --- from server.ts","timestamp":"2025-07-02T06:28:57.276Z"}
{"level":"info","message":"Server running --- from server.ts","timestamp":"2025-07-02T06:29:02.269Z"}
{"level":"info","message":"GET URL REQ => http://localhost:6200/api/v1/UserRoutes/listReviews","timestamp":"2025-07-02T06:29:13.628Z"}
{"level":"info","message":"Server running --- from server.ts","timestamp":"2025-07-02T06:30:03.421Z"}
{"level":"info","message":"GET URL REQ => http://localhost:6200/api/v1/UserRoutes/listAchievements","timestamp":"2025-07-02T06:30:21.300Z"}
{"level":"info","message":"Server running --- from server.ts","timestamp":"2025-07-02T06:31:07.157Z"}
{"level":"info","message":"GET URL REQ => http://localhost:6200/api/v1/UserRoutes/listRelease","timestamp":"2025-07-02T06:31:16.915Z"}
{"level":"info","message":"Server running --- from server.ts","timestamp":"2025-07-02T07:07:19.739Z"}
{"level":"info","message":"Server running --- from server.ts","timestamp":"2025-07-02T07:13:26.763Z"}
{"level":"info","message":"Server running --- from server.ts","timestamp":"2025-07-02T07:13:42.293Z"}
{"level":"info","message":"Server running --- from server.ts","timestamp":"2025-07-02T07:13:57.695Z"}
{"level":"info","message":"Server running --- from server.ts","timestamp":"2025-07-02T07:14:47.751Z"}
{"level":"info","message":"Server running --- from server.ts","timestamp":"2025-07-02T07:15:06.431Z"}
{"level":"info","message":"Server running --- from server.ts","timestamp":"2025-07-02T07:15:18.125Z"}
{"level":"info","message":"Server running --- from server.ts","timestamp":"2025-07-02T07:15:37.334Z"}
{"level":"info","message":"Server running --- from server.ts","timestamp":"2025-07-02T07:15:56.321Z"}
{"level":"info","message":"Server running --- from server.ts","timestamp":"2025-07-02T07:16:17.234Z"}
{"level":"info","message":"Server running --- from server.ts","timestamp":"2025-07-02T07:24:53.125Z"}
{"level":"info","message":"Server running --- from server.ts","timestamp":"2025-07-02T07:28:47.951Z"}
{"level":"info","message":"Server running --- from server.ts","timestamp":"2025-07-02T07:29:00.192Z"}
{"level":"info","message":"Server running --- from server.ts","timestamp":"2025-07-02T07:30:38.295Z"}
{"level":"info","message":"Server running --- from server.ts","timestamp":"2025-07-02T07:32:11.250Z"}
{"level":"info","message":"Server running --- from server.ts","timestamp":"2025-07-02T07:32:18.344Z"}
{"level":"info","message":"GET URL REQ => http://192.168.29.236:6200/api/v1/adminRoutes/adminLogin","timestamp":"2025-07-02T11:09:54.455Z"}
{"level":"info","message":"GET URL REQ => http://192.168.29.236:6200/api/v1/adminRoutes/listProducts","timestamp":"2025-07-02T11:10:03.454Z"}
{"level":"info","message":"GET URL REQ => http://192.168.29.236:6200/api/v1/adminRoutes/listProducts","timestamp":"2025-07-02T11:10:03.517Z"}
{"level":"info","message":"GET URL REQ => http://192.168.29.236:6200/api/v1/adminRoutes/listProducts","timestamp":"2025-07-02T11:10:24.644Z"}
{"level":"info","message":"GET URL REQ => http://192.168.29.236:6200/api/v1/adminRoutes/listProducts","timestamp":"2025-07-02T11:10:24.785Z"}
{"level":"info","message":"GET URL REQ => http://192.168.29.236:6200/api/v1/adminRoutes/listProducts","timestamp":"2025-07-02T11:11:40.687Z"}
{"level":"info","message":"GET URL REQ => http://192.168.29.236:6200/api/v1/adminRoutes/listProducts","timestamp":"2025-07-02T11:11:41.032Z"}
{"level":"info","message":"GET URL REQ => http://localhost:6200/api/v1/UserRoutes/ourProducts","timestamp":"2025-07-02T11:37:22.782Z"}
{"level":"info","message":"GET URL REQ => http://localhost:6200/api/v1/UserRoutes/ourProducts","timestamp":"2025-07-02T11:37:22.858Z"}
{"level":"info","message":"GET URL REQ => http://localhost:6200/api/v1/UserRoutes/ourProducts","timestamp":"2025-07-02T11:38:17.119Z"}
{"level":"info","message":"GET URL REQ => http://localhost:6200/api/v1/UserRoutes/ourProducts","timestamp":"2025-07-02T11:38:17.201Z"}
{"level":"info","message":"GET URL REQ => http://localhost:6200/api/v1/UserRoutes/ourProducts","timestamp":"2025-07-02T11:38:28.888Z"}
{"level":"info","message":"GET URL REQ => http://localhost:6200/api/v1/UserRoutes/ourProducts","timestamp":"2025-07-02T11:38:29.006Z"}
{"level":"info","message":"GET URL REQ => http://localhost:6200/api/v1/UserRoutes/ourProducts","timestamp":"2025-07-02T11:44:21.862Z"}
{"level":"info","message":"GET URL REQ => http://localhost:6200/api/v1/UserRoutes/ourProducts","timestamp":"2025-07-02T11:44:21.949Z"}
{"level":"info","message":"GET URL REQ => http://localhost:6200/api/v1/UserRoutes/ourProducts","timestamp":"2025-07-02T11:52:46.266Z"}
{"level":"info","message":"GET URL REQ => http://localhost:6200/api/v1/UserRoutes/ourProducts","timestamp":"2025-07-02T11:52:46.357Z"}
{"level":"info","message":"GET URL REQ => http://localhost:6200/api/v1/UserRoutes/ourProducts","timestamp":"2025-07-02T11:53:01.638Z"}
{"level":"info","message":"GET URL REQ => http://localhost:6200/api/v1/UserRoutes/ourProducts","timestamp":"2025-07-02T11:53:01.762Z"}
{"level":"info","message":"GET URL REQ => http://localhost:6200/api/v1/UserRoutes/ourProducts","timestamp":"2025-07-02T11:53:05.009Z"}
{"level":"info","message":"GET URL REQ => http://localhost:6200/api/v1/UserRoutes/ourProducts","timestamp":"2025-07-02T11:53:05.020Z"}
{"level":"info","message":"GET URL REQ => http://localhost:6200/api/v1/UserRoutes/ourProducts","timestamp":"2025-07-02T11:53:17.815Z"}
{"level":"info","message":"GET URL REQ => http://localhost:6200/api/v1/UserRoutes/ourProducts","timestamp":"2025-07-02T11:53:17.900Z"}
{"level":"info","message":"GET URL REQ => http://localhost:6200/api/v1/UserRoutes/ourProducts","timestamp":"2025-07-02T11:53:35.478Z"}
{"level":"info","message":"GET URL REQ => http://localhost:6200/api/v1/UserRoutes/ourProducts","timestamp":"2025-07-02T11:53:35.583Z"}
{"level":"info","message":"GET URL REQ => http://localhost:6200/api/v1/UserRoutes/ourProducts","timestamp":"2025-07-02T11:56:04.870Z"}
{"level":"info","message":"GET URL REQ => http://localhost:6200/api/v1/UserRoutes/ourProducts","timestamp":"2025-07-02T11:56:04.930Z"}
{"level":"info","message":"GET URL REQ => http://localhost:6200/api/v1/UserRoutes/ourProducts","timestamp":"2025-07-02T11:56:16.442Z"}
{"level":"info","message":"GET URL REQ => http://localhost:6200/api/v1/UserRoutes/ourProducts","timestamp":"2025-07-02T11:56:16.547Z"}
{"level":"info","message":"GET URL REQ => http://localhost:6200/api/v1/UserRoutes/ourProducts","timestamp":"2025-07-02T11:57:43.588Z"}
{"level":"info","message":"GET URL REQ => http://localhost:6200/api/v1/UserRoutes/ourProducts","timestamp":"2025-07-02T11:57:43.671Z"}
{"level":"info","message":"GET URL REQ => http://localhost:6200/api/v1/UserRoutes/ourProducts","timestamp":"2025-07-02T11:58:35.695Z"}
{"level":"info","message":"GET URL REQ => http://localhost:6200/api/v1/UserRoutes/ourProducts","timestamp":"2025-07-02T11:58:35.781Z"}
{"level":"info","message":"GET URL REQ => http://localhost:6200/api/v1/UserRoutes/ourProducts","timestamp":"2025-07-02T11:59:17.357Z"}
{"level":"info","message":"GET URL REQ => http://localhost:6200/api/v1/UserRoutes/ourProducts","timestamp":"2025-07-02T11:59:17.452Z"}
{"level":"info","message":"GET URL REQ => http://localhost:6200/api/v1/UserRoutes/ourProducts","timestamp":"2025-07-02T12:00:11.755Z"}
{"level":"info","message":"GET URL REQ => http://localhost:6200/api/v1/UserRoutes/ourProducts","timestamp":"2025-07-02T12:00:11.859Z"}
{"level":"info","message":"GET URL REQ => http://localhost:6200/api/v1/UserRoutes/ourProducts","timestamp":"2025-07-02T12:00:20.704Z"}
{"level":"info","message":"GET URL REQ => http://localhost:6200/api/v1/UserRoutes/ourProducts","timestamp":"2025-07-02T12:00:20.715Z"}
{"level":"info","message":"GET URL REQ => http://localhost:6200/api/v1/UserRoutes/ourProducts","timestamp":"2025-07-02T12:00:36.008Z"}
{"level":"info","message":"GET URL REQ => http://localhost:6200/api/v1/UserRoutes/ourProducts","timestamp":"2025-07-02T12:00:36.107Z"}
{"level":"info","message":"GET URL REQ => http://localhost:6200/api/v1/UserRoutes/ourProducts","timestamp":"2025-07-02T12:00:47.584Z"}
{"level":"info","message":"GET URL REQ => http://localhost:6200/api/v1/UserRoutes/ourProducts","timestamp":"2025-07-02T12:00:47.707Z"}
{"level":"info","message":"GET URL REQ => http://localhost:6200/api/v1/UserRoutes/ourProducts","timestamp":"2025-07-02T12:00:51.151Z"}
{"level":"info","message":"GET URL REQ => http://localhost:6200/api/v1/UserRoutes/ourProducts","timestamp":"2025-07-02T12:00:51.159Z"}
{"level":"info","message":"GET URL REQ => http://localhost:6200/api/v1/UserRoutes/ourProducts","timestamp":"2025-07-02T12:07:03.566Z"}
{"level":"info","message":"GET URL REQ => http://localhost:6200/api/v1/UserRoutes/ourProducts","timestamp":"2025-07-02T12:07:03.668Z"}
{"level":"info","message":"GET URL REQ => http://localhost:6200/api/v1/UserRoutes/ourProducts","timestamp":"2025-07-02T12:07:11.888Z"}
{"level":"info","message":"GET URL REQ => http://localhost:6200/api/v1/UserRoutes/ourProducts","timestamp":"2025-07-02T12:07:11.911Z"}
{"level":"info","message":"GET URL REQ => http://localhost:6200/api/v1/UserRoutes/ourProducts","timestamp":"2025-07-02T12:13:22.017Z"}
{"level":"info","message":"GET URL REQ => http://localhost:6200/api/v1/UserRoutes/ourProducts","timestamp":"2025-07-02T12:13:22.185Z"}
{"level":"info","message":"GET URL REQ => http://localhost:6200/api/v1/UserRoutes/ourProducts","timestamp":"2025-07-02T12:13:29.553Z"}
{"level":"info","message":"GET URL REQ => http://localhost:6200/api/v1/UserRoutes/ourProducts","timestamp":"2025-07-02T12:13:29.562Z"}
{"level":"info","message":"GET URL REQ => http://localhost:6200/api/v1/UserRoutes/ourProducts","timestamp":"2025-07-02T12:13:44.629Z"}
{"level":"info","message":"GET URL REQ => http://localhost:6200/api/v1/UserRoutes/ourProducts","timestamp":"2025-07-02T12:13:44.704Z"}
{"level":"info","message":"GET URL REQ => http://localhost:6200/api/v1/UserRoutes/ourProducts","timestamp":"2025-07-02T12:15:11.399Z"}
{"level":"info","message":"GET URL REQ => http://localhost:6200/api/v1/UserRoutes/ourProducts","timestamp":"2025-07-02T12:15:11.544Z"}
{"level":"info","message":"GET URL REQ => http://localhost:6200/api/v1/UserRoutes/ourProducts","timestamp":"2025-07-02T12:18:29.529Z"}
{"level":"info","message":"GET URL REQ => http://localhost:6200/api/v1/UserRoutes/ourProducts","timestamp":"2025-07-02T12:18:29.613Z"}
{"level":"info","message":"GET URL REQ => http://localhost:6200/api/v1/UserRoutes/ourProducts","timestamp":"2025-07-02T12:23:38.629Z"}
{"level":"info","message":"GET URL REQ => http://localhost:6200/api/v1/UserRoutes/ourProducts","timestamp":"2025-07-02T12:23:38.734Z"}
{"level":"info","message":"GET URL REQ => http://localhost:6200/api/v1/UserRoutes/ourProducts","timestamp":"2025-07-02T12:27:39.714Z"}
{"level":"info","message":"GET URL REQ => http://localhost:6200/api/v1/UserRoutes/ourProducts","timestamp":"2025-07-02T12:27:39.835Z"}
{"level":"info","message":"GET URL REQ => http://localhost:6200/api/v1/UserRoutes/ourProducts","timestamp":"2025-07-02T12:34:19.555Z"}
{"level":"info","message":"GET URL REQ => http://localhost:6200/api/v1/UserRoutes/ourProducts","timestamp":"2025-07-02T12:34:19.749Z"}
{"level":"info","message":"GET URL REQ => http://localhost:6200/api/v1/UserRoutes/ourProducts","timestamp":"2025-07-02T12:35:19.407Z"}
{"level":"info","message":"GET URL REQ => http://localhost:6200/api/v1/UserRoutes/ourProducts","timestamp":"2025-07-02T12:35:19.479Z"}
{"level":"info","message":"Server running --- from server.ts","timestamp":"2025-07-02T12:41:13.638Z"}
{"level":"info","message":"GET URL REQ => http://localhost:6200/api/v1/UserRoutes/listBlogs","timestamp":"2025-07-02T12:43:46.852Z"}
{"level":"info","message":"GET URL REQ => http://localhost:6200/api/v1/UserRoutes/listBlogs","timestamp":"2025-07-02T12:43:46.878Z"}
{"level":"info","message":"GET URL REQ => http://localhost:6200/api/v1/UserRoutes/listBlogs","timestamp":"2025-07-02T12:43:56.567Z"}
{"level":"info","message":"GET URL REQ => http://localhost:6200/api/v1/UserRoutes/listBlogs","timestamp":"2025-07-02T12:43:56.581Z"}
{"level":"info","message":"GET URL REQ => http://localhost:6200/api/v1/UserRoutes/listBlogs","timestamp":"2025-07-02T12:45:54.654Z"}
{"level":"info","message":"GET URL REQ => http://localhost:6200/api/v1/UserRoutes/listBlogs","timestamp":"2025-07-02T12:45:54.668Z"}
{"level":"info","message":"GET URL REQ => http://localhost:6200/api/v1/UserRoutes/listBlogs","timestamp":"2025-07-02T12:47:54.790Z"}
{"level":"info","message":"GET URL REQ => http://localhost:6200/api/v1/UserRoutes/listBlogs","timestamp":"2025-07-02T12:47:54.799Z"}
{"level":"info","message":"Server running --- from server.ts","timestamp":"2025-07-02T13:02:31.419Z"}
