{"level":"info","message":"Server running --- from server.ts","timestamp":"2025-06-27T07:38:29.004Z"}
{"level":"info","message":"GET URL REQ => http://localhost:6200/api/v1/adminRoutes/adminLogin","timestamp":"2025-06-27T07:38:46.061Z"}
{"level":"info","message":"Server running --- from server.ts","timestamp":"2025-06-27T07:40:17.628Z"}
{"level":"info","message":"Server running --- from server.ts","timestamp":"2025-06-27T07:40:38.662Z"}
{"level":"info","message":"GET URL REQ => http://localhost:6200/api/v1/adminRoutes/adminLogin","timestamp":"2025-06-27T07:40:42.230Z"}
{"level":"info","message":"Server running --- from server.ts","timestamp":"2025-06-27T07:41:22.182Z"}
{"level":"info","message":"Server running --- from server.ts","timestamp":"2025-06-27T07:42:03.074Z"}
{"level":"info","message":"Server running --- from server.ts","timestamp":"2025-06-27T07:59:41.713Z"}
{"level":"info","message":"Server running --- from server.ts","timestamp":"2025-06-27T08:05:26.306Z"}
{"level":"info","message":"Server running --- from server.ts","timestamp":"2025-06-27T08:05:35.045Z"}
{"level":"info","message":"Server running --- from server.ts","timestamp":"2025-06-27T08:11:04.131Z"}
{"level":"info","message":"Server running --- from server.ts","timestamp":"2025-06-27T08:11:11.351Z"}
{"level":"info","message":"Server running --- from server.ts","timestamp":"2025-06-27T08:11:20.839Z"}
{"level":"info","message":"Server running --- from server.ts","timestamp":"2025-06-27T08:11:26.401Z"}
{"level":"info","message":"Server running --- from server.ts","timestamp":"2025-06-27T08:12:41.774Z"}
{"level":"info","message":"Server running --- from server.ts","timestamp":"2025-06-27T08:12:55.701Z"}
{"level":"info","message":"Server running --- from server.ts","timestamp":"2025-06-27T08:13:06.519Z"}
{"level":"info","message":"Server running --- from server.ts","timestamp":"2025-06-27T08:13:10.699Z"}
{"level":"info","message":"Server running --- from server.ts","timestamp":"2025-06-27T08:13:14.449Z"}
{"level":"info","message":"Server running --- from server.ts","timestamp":"2025-06-27T08:13:24.540Z"}
{"level":"info","message":"Server running --- from server.ts","timestamp":"2025-06-27T08:13:33.924Z"}
{"level":"info","message":"Server running --- from server.ts","timestamp":"2025-06-27T08:13:44.022Z"}
{"level":"info","message":"Server running --- from server.ts","timestamp":"2025-06-27T08:13:48.272Z"}
{"level":"info","message":"Server running --- from server.ts","timestamp":"2025-06-27T08:13:52.298Z"}
{"level":"info","message":"Server running --- from server.ts","timestamp":"2025-06-27T08:14:03.065Z"}
{"level":"info","message":"Server running --- from server.ts","timestamp":"2025-06-27T08:14:08.646Z"}
{"level":"info","message":"Server running --- from server.ts","timestamp":"2025-06-27T08:14:13.805Z"}
{"level":"info","message":"Server running --- from server.ts","timestamp":"2025-06-27T08:14:18.126Z"}
{"level":"info","message":"Server running --- from server.ts","timestamp":"2025-06-27T08:14:22.692Z"}
{"level":"info","message":"Server running --- from server.ts","timestamp":"2025-06-27T08:14:26.154Z"}
{"level":"info","message":"Server running --- from server.ts","timestamp":"2025-06-27T08:14:31.047Z"}
{"level":"info","message":"Server running --- from server.ts","timestamp":"2025-06-27T08:14:35.120Z"}
{"level":"info","message":"Server running --- from server.ts","timestamp":"2025-06-27T08:14:44.219Z"}
{"level":"info","message":"Server running --- from server.ts","timestamp":"2025-06-27T08:14:48.473Z"}
{"level":"info","message":"Server running --- from server.ts","timestamp":"2025-06-27T08:14:52.941Z"}
{"level":"info","message":"Server running --- from server.ts","timestamp":"2025-06-27T08:14:58.803Z"}
{"level":"info","message":"Server running --- from server.ts","timestamp":"2025-06-27T08:15:07.275Z"}
{"level":"info","message":"Server running --- from server.ts","timestamp":"2025-06-27T08:15:16.235Z"}
{"level":"info","message":"Server running --- from server.ts","timestamp":"2025-06-27T08:15:19.189Z"}
{"level":"info","message":"Server running --- from server.ts","timestamp":"2025-06-27T08:15:24.815Z"}
{"level":"info","message":"Server running --- from server.ts","timestamp":"2025-06-27T08:15:33.452Z"}
{"level":"info","message":"Server running --- from server.ts","timestamp":"2025-06-27T08:15:38.555Z"}
{"level":"info","message":"Server running --- from server.ts","timestamp":"2025-06-27T08:15:48.743Z"}
{"level":"info","message":"Server running --- from server.ts","timestamp":"2025-06-27T08:15:58.343Z"}
{"level":"info","message":"Server running --- from server.ts","timestamp":"2025-06-27T08:16:02.744Z"}
{"level":"info","message":"Server running --- from server.ts","timestamp":"2025-06-27T08:16:08.605Z"}
{"level":"info","message":"Server running --- from server.ts","timestamp":"2025-06-27T08:16:17.577Z"}
{"level":"info","message":"Server running --- from server.ts","timestamp":"2025-06-27T08:16:23.709Z"}
{"level":"info","message":"Server running --- from server.ts","timestamp":"2025-06-27T08:16:36.504Z"}
{"level":"info","message":"Server running --- from server.ts","timestamp":"2025-06-27T08:16:41.480Z"}
{"level":"info","message":"Server running --- from server.ts","timestamp":"2025-06-27T08:16:52.334Z"}
{"level":"info","message":"Server running --- from server.ts","timestamp":"2025-06-27T08:16:59.684Z"}
{"level":"info","message":"Server running --- from server.ts","timestamp":"2025-06-27T08:17:06.461Z"}
{"level":"info","message":"Server running --- from server.ts","timestamp":"2025-06-27T08:17:37.542Z"}
{"level":"info","message":"Server running --- from server.ts","timestamp":"2025-06-27T08:17:43.786Z"}
{"level":"info","message":"Server running --- from server.ts","timestamp":"2025-06-27T08:17:47.379Z"}
{"level":"info","message":"Server running --- from server.ts","timestamp":"2025-06-27T08:17:50.720Z"}
{"level":"info","message":"Server running --- from server.ts","timestamp":"2025-06-27T08:18:03.315Z"}
{"level":"info","message":"Server running --- from server.ts","timestamp":"2025-06-27T08:18:07.358Z"}
{"level":"info","message":"Server running --- from server.ts","timestamp":"2025-06-27T08:18:17.236Z"}
{"level":"info","message":"GET URL REQ => http://localhost:6200/api/v1/adminRoutes/addProducts","timestamp":"2025-06-27T08:19:42.499Z"}
{"level":"info","message":"Server running --- from server.ts","timestamp":"2025-06-27T08:20:58.763Z"}
{"level":"info","message":"GET URL REQ => http://localhost:6200/api/v1/adminRoutes/addProducts","timestamp":"2025-06-27T08:21:04.696Z"}
{"level":"error","message":"Server not running ---  New route /api/v1/adminRoutes/addProducts conflicts with existing /api/v1/adminRoutes/addProducts","name":"AssertError","stack":"AssertError: New route /api/v1/adminRoutes/addProducts conflicts with existing /api/v1/adminRoutes/addProducts\n    at module.exports.internals.Segment.internals.Segment.add (C:\\Users\\INDHU\\Desktop\\projects\\ZAD-Products-Admin\\node_modules\\@hapi\\call\\lib\\segment.js:47:14)\n    at exports.Router.internals.Router.internals.Router.add (C:\\Users\\INDHU\\Desktop\\projects\\ZAD-Products-Admin\\node_modules\\@hapi\\call\\lib\\index.js:65:16)\n    at internals.Server._addRoute (C:\\Users\\INDHU\\Desktop\\projects\\ZAD-Products-Admin\\node_modules\\@hapi\\hapi\\lib\\server.js:529:46)\n    at internals.Server.route (C:\\Users\\INDHU\\Desktop\\projects\\ZAD-Products-Admin\\node_modules\\@hapi\\hapi\\lib\\server.js:518:22)\n    at C:\\Users\\INDHU\\Desktop\\projects\\ZAD-Products-Admin\\src\\api\\admin\\routes.ts:12:14\n    at new Promise (<anonymous>)\n    at adminRoutes.<anonymous> (C:\\Users\\INDHU\\Desktop\\projects\\ZAD-Products-Admin\\src\\api\\admin\\routes.ts:10:12)\n    at Generator.next (<anonymous>)\n    at C:\\Users\\INDHU\\Desktop\\projects\\ZAD-Products-Admin\\src\\api\\admin\\routes.ts:8:71\n    at new Promise (<anonymous>)","timestamp":"2025-06-27T09:01:43.045Z"}
{"level":"info","message":"Server running --- from server.ts","timestamp":"2025-06-27T09:01:47.762Z"}
{"level":"info","message":"Server running --- from server.ts","timestamp":"2025-06-27T09:01:52.981Z"}
{"level":"info","message":"Server running --- from server.ts","timestamp":"2025-06-27T09:02:01.649Z"}
{"level":"info","message":"Server running --- from server.ts","timestamp":"2025-06-27T09:02:25.991Z"}
{"level":"info","message":"Server running --- from server.ts","timestamp":"2025-06-27T09:02:36.496Z"}
{"level":"info","message":"Server running --- from server.ts","timestamp":"2025-06-27T09:02:46.606Z"}
{"level":"info","message":"Server running --- from server.ts","timestamp":"2025-06-27T09:04:23.669Z"}
{"level":"info","message":"Server running --- from server.ts","timestamp":"2025-06-27T09:09:37.638Z"}
{"level":"info","message":"Server running --- from server.ts","timestamp":"2025-06-27T09:09:50.783Z"}
{"level":"info","message":"Server running --- from server.ts","timestamp":"2025-06-27T09:10:05.406Z"}
{"level":"info","message":"Server running --- from server.ts","timestamp":"2025-06-27T09:10:10.142Z"}
{"level":"info","message":"Server running --- from server.ts","timestamp":"2025-06-27T09:10:23.561Z"}
{"level":"info","message":"Server running --- from server.ts","timestamp":"2025-06-27T09:10:37.106Z"}
{"level":"info","message":"Server running --- from server.ts","timestamp":"2025-06-27T09:11:03.039Z"}
{"level":"info","message":"Server running --- from server.ts","timestamp":"2025-06-27T09:11:21.591Z"}
{"level":"info","message":"Server running --- from server.ts","timestamp":"2025-06-27T09:11:26.654Z"}
{"level":"info","message":"Server running --- from server.ts","timestamp":"2025-06-27T09:11:53.510Z"}
{"level":"info","message":"Server running --- from server.ts","timestamp":"2025-06-27T09:12:00.333Z"}
{"level":"info","message":"Server running --- from server.ts","timestamp":"2025-06-27T09:12:41.813Z"}
{"level":"info","message":"Server running --- from server.ts","timestamp":"2025-06-27T09:13:06.063Z"}
{"level":"info","message":"Server running --- from server.ts","timestamp":"2025-06-27T09:13:44.890Z"}
{"level":"info","message":"Server running --- from server.ts","timestamp":"2025-06-27T09:13:58.816Z"}
{"level":"info","message":"Server running --- from server.ts","timestamp":"2025-06-27T09:14:13.812Z"}
{"level":"info","message":"Server running --- from server.ts","timestamp":"2025-06-27T09:14:19.960Z"}
{"level":"info","message":"GET URL REQ => http://localhost:6200/api/v1/adminRoutes/addProducts","timestamp":"2025-06-27T09:14:47.649Z"}
{"level":"info","message":"Server running --- from server.ts","timestamp":"2025-06-27T09:15:15.233Z"}
{"level":"info","message":"Server running --- from server.ts","timestamp":"2025-06-27T09:15:47.355Z"}
{"level":"info","message":"Server running --- from server.ts","timestamp":"2025-06-27T09:15:51.808Z"}
{"level":"info","message":"Server running --- from server.ts","timestamp":"2025-06-27T09:16:03.228Z"}
{"level":"info","message":"GET URL REQ => http://localhost:6200/api/v1/adminRoutes/addProducts","timestamp":"2025-06-27T09:16:05.725Z"}
{"level":"info","message":"Server running --- from server.ts","timestamp":"2025-06-27T09:17:34.731Z"}
{"level":"info","message":"Server running --- from server.ts","timestamp":"2025-06-27T09:17:44.268Z"}
{"level":"info","message":"GET URL REQ => http://localhost:6200/api/v1/adminRoutes/addProducts","timestamp":"2025-06-27T09:17:57.050Z"}
{"level":"info","message":"Server running --- from server.ts","timestamp":"2025-06-27T09:19:24.266Z"}
{"level":"info","message":"Server running --- from server.ts","timestamp":"2025-06-27T09:19:52.246Z"}
{"level":"info","message":"Server running --- from server.ts","timestamp":"2025-06-27T09:19:58.617Z"}
{"level":"info","message":"GET URL REQ => http://localhost:6200/api/v1/adminRoutes/addProducts","timestamp":"2025-06-27T09:21:51.122Z"}
{"level":"info","message":"Server running --- from server.ts","timestamp":"2025-06-27T09:44:02.950Z"}
{"level":"info","message":"Server running --- from server.ts","timestamp":"2025-06-27T09:44:25.138Z"}
{"level":"info","message":"GET URL REQ => http://localhost:6200/api/v1/adminRoutes/addProducts","timestamp":"2025-06-27T09:44:29.821Z"}
{"level":"info","message":"Server running --- from server.ts","timestamp":"2025-06-27T09:45:27.559Z"}
{"level":"info","message":"Server running --- from server.ts","timestamp":"2025-06-27T09:50:24.970Z"}
{"level":"info","message":"Server running --- from server.ts","timestamp":"2025-06-27T09:50:32.260Z"}
{"level":"info","message":"Server running --- from server.ts","timestamp":"2025-06-27T09:50:59.608Z"}
{"level":"info","message":"Server running --- from server.ts","timestamp":"2025-06-27T09:52:49.471Z"}
{"level":"info","message":"Server running --- from server.ts","timestamp":"2025-06-27T09:55:22.666Z"}
{"level":"info","message":"Server running --- from server.ts","timestamp":"2025-06-27T09:55:31.223Z"}
{"level":"info","message":"Server running --- from server.ts","timestamp":"2025-06-27T10:01:00.570Z"}
{"level":"info","message":"Server running --- from server.ts","timestamp":"2025-06-27T10:01:09.735Z"}
{"level":"info","message":"Server running --- from server.ts","timestamp":"2025-06-27T10:01:44.274Z"}
{"level":"info","message":"Server running --- from server.ts","timestamp":"2025-06-27T10:03:16.675Z"}
{"level":"info","message":"Server running --- from server.ts","timestamp":"2025-06-27T10:04:04.396Z"}
{"level":"info","message":"GET URL REQ => http://localhost:6200/api/v1/adminRoutes/addNewAdmin","timestamp":"2025-06-27T10:04:41.825Z"}
{"level":"info","message":"Server running --- from server.ts","timestamp":"2025-06-27T10:06:15.403Z"}
{"level":"info","message":"GET URL REQ => http://localhost:6200/api/v1/adminRoutes/addNewAdmin","timestamp":"2025-06-27T10:06:20.843Z"}
{"level":"info","message":"Server running --- from server.ts","timestamp":"2025-06-27T10:09:10.278Z"}
{"level":"info","message":"GET URL REQ => http://localhost:6200/api/v1/adminRoutes/addNewAdmin","timestamp":"2025-06-27T10:09:18.814Z"}
{"level":"error","message":"Error in addNewAdmin Cannot read properties of undefined (reading 'success')","stack":"TypeError: Cannot read properties of undefined (reading 'success')\n    at adminController.<anonymous> (C:\\Users\\INDHU\\Desktop\\projects\\ZAD-Products-Admin\\src\\api\\admin\\controller.ts:84:18)\n    at Generator.next (<anonymous>)\n    at fulfilled (C:\\Users\\INDHU\\Desktop\\projects\\ZAD-Products-Admin\\src\\api\\admin\\controller.ts:5:58)\n    at processTicksAndRejections (node:internal/process/task_queues:105:5)","timestamp":"2025-06-27T10:09:19.120Z"}
{"level":"info","message":"GET URL REQ => http://localhost:6200/api/v1/adminRoutes/addNewAdmin","timestamp":"2025-06-27T10:09:40.208Z"}
{"level":"error","message":"Error in addNewAdmin Cannot read properties of undefined (reading 'success')","stack":"TypeError: Cannot read properties of undefined (reading 'success')\n    at adminController.<anonymous> (C:\\Users\\INDHU\\Desktop\\projects\\ZAD-Products-Admin\\src\\api\\admin\\controller.ts:84:18)\n    at Generator.next (<anonymous>)\n    at fulfilled (C:\\Users\\INDHU\\Desktop\\projects\\ZAD-Products-Admin\\src\\api\\admin\\controller.ts:5:58)\n    at processTicksAndRejections (node:internal/process/task_queues:105:5)","timestamp":"2025-06-27T10:09:40.474Z"}
{"level":"info","message":"Server running --- from server.ts","timestamp":"2025-06-27T10:21:58.275Z"}
{"level":"info","message":"Server running --- from server.ts","timestamp":"2025-06-27T10:22:11.172Z"}
{"level":"info","message":"GET URL REQ => http://localhost:6200/api/v1/adminRoutes/addNewAdmin","timestamp":"2025-06-27T10:22:12.856Z"}
{"level":"info","message":"Server running --- from server.ts","timestamp":"2025-06-27T10:22:48.112Z"}
{"level":"info","message":"Server running --- from server.ts","timestamp":"2025-06-27T10:22:53.363Z"}
{"level":"info","message":"GET URL REQ => http://localhost:6200/api/v1/adminRoutes/addNewAdmin","timestamp":"2025-06-27T10:23:02.478Z"}
{"level":"info","message":"Server running --- from server.ts","timestamp":"2025-06-27T10:23:38.512Z"}
{"level":"info","message":"GET URL REQ => http://localhost:6200/api/v1/adminRoutes/addNewAdmin","timestamp":"2025-06-27T10:23:41.620Z"}
{"level":"info","message":"Server running --- from server.ts","timestamp":"2025-06-27T10:24:16.879Z"}
{"level":"info","message":"Server running --- from server.ts","timestamp":"2025-06-27T10:24:30.561Z"}
{"level":"info","message":"GET URL REQ => http://localhost:6200/api/v1/adminRoutes/addNewAdmin","timestamp":"2025-06-27T10:26:23.080Z"}
{"level":"info","message":"Server running --- from server.ts","timestamp":"2025-06-27T10:27:55.014Z"}
{"level":"info","message":"GET URL REQ => http://localhost:6200/api/v1/adminRoutes/addNewAdmin","timestamp":"2025-06-27T10:28:03.126Z"}
{"level":"info","message":"Server running --- from server.ts","timestamp":"2025-06-27T10:28:57.564Z"}
{"level":"info","message":"Server running --- from server.ts","timestamp":"2025-06-27T10:29:06.887Z"}
{"level":"info","message":"Server running --- from server.ts","timestamp":"2025-06-27T10:29:14.985Z"}
{"level":"error","message":"Server not running ---  New route /api/v1/adminRoutes/addNewAdmin conflicts with existing /api/v1/adminRoutes/addNewAdmin","name":"AssertError","stack":"AssertError: New route /api/v1/adminRoutes/addNewAdmin conflicts with existing /api/v1/adminRoutes/addNewAdmin\n    at module.exports.internals.Segment.internals.Segment.add (C:\\Users\\INDHU\\Desktop\\projects\\ZAD-Products-Admin\\node_modules\\@hapi\\call\\lib\\segment.js:47:14)\n    at exports.Router.internals.Router.internals.Router.add (C:\\Users\\INDHU\\Desktop\\projects\\ZAD-Products-Admin\\node_modules\\@hapi\\call\\lib\\index.js:65:16)\n    at internals.Server._addRoute (C:\\Users\\INDHU\\Desktop\\projects\\ZAD-Products-Admin\\node_modules\\@hapi\\hapi\\lib\\server.js:529:46)\n    at internals.Server.route (C:\\Users\\INDHU\\Desktop\\projects\\ZAD-Products-Admin\\node_modules\\@hapi\\hapi\\lib\\server.js:518:22)\n    at C:\\Users\\INDHU\\Desktop\\projects\\ZAD-Products-Admin\\src\\api\\admin\\routes.ts:12:14\n    at new Promise (<anonymous>)\n    at adminRoutes.<anonymous> (C:\\Users\\INDHU\\Desktop\\projects\\ZAD-Products-Admin\\src\\api\\admin\\routes.ts:10:12)\n    at Generator.next (<anonymous>)\n    at C:\\Users\\INDHU\\Desktop\\projects\\ZAD-Products-Admin\\src\\api\\admin\\routes.ts:8:71\n    at new Promise (<anonymous>)","timestamp":"2025-06-27T10:35:31.313Z"}
{"level":"info","message":"Server running --- from server.ts","timestamp":"2025-06-27T10:35:57.485Z"}
{"level":"info","message":"Server running --- from server.ts","timestamp":"2025-06-27T10:36:14.300Z"}
{"level":"info","message":"Server running --- from server.ts","timestamp":"2025-06-27T10:36:26.263Z"}
{"level":"info","message":"Server running --- from server.ts","timestamp":"2025-06-27T10:36:33.889Z"}
{"level":"info","message":"Server running --- from server.ts","timestamp":"2025-06-27T10:36:38.702Z"}
{"level":"info","message":"Server running --- from server.ts","timestamp":"2025-06-27T10:36:46.091Z"}
{"level":"info","message":"Server running --- from server.ts","timestamp":"2025-06-27T10:36:51.481Z"}
{"level":"info","message":"Server running --- from server.ts","timestamp":"2025-06-27T10:37:09.709Z"}
{"level":"info","message":"Server running --- from server.ts","timestamp":"2025-06-27T10:43:37.474Z"}
{"level":"info","message":"Server running --- from server.ts","timestamp":"2025-06-27T10:47:50.462Z"}
{"level":"info","message":"Server running --- from server.ts","timestamp":"2025-06-27T10:51:10.889Z"}
{"level":"info","message":"GET URL REQ => http://localhost:6200/api/v1/adminRoutes/addNewAdmin","timestamp":"2025-06-27T10:51:32.565Z"}
{"level":"info","message":"Server running --- from server.ts","timestamp":"2025-06-27T11:20:23.710Z"}
{"level":"info","message":"Server running --- from server.ts","timestamp":"2025-06-27T11:21:54.752Z"}
{"level":"info","message":"Server running --- from server.ts","timestamp":"2025-06-27T11:25:22.912Z"}
{"level":"info","message":"Server running --- from server.ts","timestamp":"2025-06-27T11:25:47.162Z"}
{"level":"info","message":"Server running --- from server.ts","timestamp":"2025-06-27T11:25:58.878Z"}
{"level":"info","message":"Server running --- from server.ts","timestamp":"2025-06-27T11:26:16.434Z"}
{"level":"info","message":"Server running --- from server.ts","timestamp":"2025-06-27T11:26:28.087Z"}
{"level":"info","message":"Server running --- from server.ts","timestamp":"2025-06-27T11:26:42.125Z"}
{"level":"info","message":"Server running --- from server.ts","timestamp":"2025-06-27T11:28:46.392Z"}
{"level":"info","message":"Server running --- from server.ts","timestamp":"2025-06-27T11:28:54.869Z"}
{"level":"info","message":"Server running --- from server.ts","timestamp":"2025-06-27T11:29:31.379Z"}
{"level":"info","message":"GET URL REQ => http://localhost:6200/api/v1/adminRoutes/addNewAdmin","timestamp":"2025-06-27T11:29:33.029Z"}
{"level":"info","message":"Server running --- from server.ts","timestamp":"2025-06-27T11:30:25.587Z"}
{"level":"info","message":"GET URL REQ => http://localhost:6200/api/v1/adminRoutes/addNewAdmin","timestamp":"2025-06-27T11:30:57.613Z"}
{"level":"info","message":"Server running --- from server.ts","timestamp":"2025-06-27T11:31:56.051Z"}
{"level":"info","message":"Server running --- from server.ts","timestamp":"2025-06-27T11:32:03.800Z"}
{"level":"info","message":"Server running --- from server.ts","timestamp":"2025-06-27T11:32:14.844Z"}
{"level":"info","message":"GET URL REQ => http://localhost:6200/api/v1/adminRoutes/addNewAdmin","timestamp":"2025-06-27T11:32:24.861Z"}
{"level":"info","message":"Server running --- from server.ts","timestamp":"2025-06-27T11:33:46.223Z"}
{"level":"info","message":"Server running --- from server.ts","timestamp":"2025-06-27T11:33:50.661Z"}
{"level":"info","message":"GET URL REQ => http://localhost:6200/api/v1/adminRoutes/addNewAdmin","timestamp":"2025-06-27T11:33:59.023Z"}
{"level":"info","message":"Server running --- from server.ts","timestamp":"2025-06-27T11:34:45.759Z"}
{"level":"info","message":"Server running --- from server.ts","timestamp":"2025-06-27T11:34:59.522Z"}
{"level":"info","message":"Server running --- from server.ts","timestamp":"2025-06-27T11:41:35.663Z"}
{"level":"info","message":"Server running --- from server.ts","timestamp":"2025-06-27T11:49:36.446Z"}
{"level":"info","message":"Server running --- from server.ts","timestamp":"2025-06-27T11:53:46.298Z"}
{"level":"info","message":"Server running --- from server.ts","timestamp":"2025-06-27T11:54:07.855Z"}
{"level":"info","message":"Server running --- from server.ts","timestamp":"2025-06-27T11:54:12.329Z"}
{"level":"info","message":"Server running --- from server.ts","timestamp":"2025-06-27T11:58:07.933Z"}
{"level":"info","message":"Server running --- from server.ts","timestamp":"2025-06-27T11:58:19.586Z"}
{"level":"info","message":"Server running --- from server.ts","timestamp":"2025-06-27T11:59:34.489Z"}
{"level":"info","message":"Server running --- from server.ts","timestamp":"2025-06-27T11:59:59.306Z"}
{"level":"info","message":"Server running --- from server.ts","timestamp":"2025-06-27T12:06:31.364Z"}
{"level":"info","message":"Server running --- from server.ts","timestamp":"2025-06-27T12:07:08.951Z"}
{"level":"info","message":"Server running --- from server.ts","timestamp":"2025-06-27T12:12:10.739Z"}
{"level":"info","message":"Server running --- from server.ts","timestamp":"2025-06-27T12:12:19.598Z"}
{"level":"info","message":"Server running --- from server.ts","timestamp":"2025-06-27T12:12:44.898Z"}
{"level":"info","message":"Server running --- from server.ts","timestamp":"2025-06-27T12:12:56.385Z"}
{"level":"info","message":"Server running --- from server.ts","timestamp":"2025-06-27T12:14:33.494Z"}
{"level":"info","message":"Server running --- from server.ts","timestamp":"2025-06-27T12:14:55.369Z"}
{"level":"info","message":"Server running --- from server.ts","timestamp":"2025-06-27T12:15:01.295Z"}
{"level":"info","message":"Server running --- from server.ts","timestamp":"2025-06-27T12:17:41.779Z"}
{"level":"info","message":"Server running --- from server.ts","timestamp":"2025-06-27T12:17:59.272Z"}
{"level":"info","message":"Server running --- from server.ts","timestamp":"2025-06-27T12:18:09.227Z"}
{"level":"info","message":"Server running --- from server.ts","timestamp":"2025-06-27T12:18:20.276Z"}
{"level":"info","message":"Server running --- from server.ts","timestamp":"2025-06-27T12:19:38.660Z"}
{"level":"info","message":"Server running --- from server.ts","timestamp":"2025-06-27T12:19:48.846Z"}
{"level":"info","message":"Server running --- from server.ts","timestamp":"2025-06-27T12:21:16.564Z"}
{"level":"info","message":"Server running --- from server.ts","timestamp":"2025-06-27T12:21:56.928Z"}
{"level":"info","message":"Server running --- from server.ts","timestamp":"2025-06-27T12:22:14.579Z"}
{"level":"info","message":"Server running --- from server.ts","timestamp":"2025-06-27T12:22:19.669Z"}
{"level":"info","message":"Server running --- from server.ts","timestamp":"2025-06-27T12:23:40.309Z"}
{"level":"info","message":"Server running --- from server.ts","timestamp":"2025-06-27T12:23:59.134Z"}
{"level":"info","message":"Server running --- from server.ts","timestamp":"2025-06-27T12:24:25.179Z"}
{"level":"info","message":"Server running --- from server.ts","timestamp":"2025-06-27T12:24:48.577Z"}
{"level":"info","message":"GET URL REQ => http://localhost:6200/api/v1/settingsRoutes/uploadBlogImage","timestamp":"2025-06-27T12:25:35.556Z"}
{"level":"info","message":"Server running --- from server.ts","timestamp":"2025-06-27T12:26:05.981Z"}
{"level":"info","message":"Server running --- from server.ts","timestamp":"2025-06-27T12:26:20.007Z"}
{"level":"info","message":"GET URL REQ => http://localhost:6200/api/v1/settingsRoutes/uploadBlogImage","timestamp":"2025-06-27T12:26:30.829Z"}
{"level":"info","message":"Server running --- from server.ts","timestamp":"2025-06-27T12:27:07.645Z"}
{"level":"error","message":"Server not running ---  New route /api/v1/settingsRoutes/addBlogs conflicts with existing /api/v1/settingsRoutes/addBlogs","name":"AssertError","stack":"AssertError: New route /api/v1/settingsRoutes/addBlogs conflicts with existing /api/v1/settingsRoutes/addBlogs\n    at module.exports.internals.Segment.internals.Segment.add (C:\\Users\\INDHU\\Desktop\\projects\\ZAD-Products-Admin\\node_modules\\@hapi\\call\\lib\\segment.js:47:14)\n    at exports.Router.internals.Router.internals.Router.add (C:\\Users\\INDHU\\Desktop\\projects\\ZAD-Products-Admin\\node_modules\\@hapi\\call\\lib\\index.js:65:16)\n    at internals.Server._addRoute (C:\\Users\\INDHU\\Desktop\\projects\\ZAD-Products-Admin\\node_modules\\@hapi\\hapi\\lib\\server.js:529:46)\n    at internals.Server.route (C:\\Users\\INDHU\\Desktop\\projects\\ZAD-Products-Admin\\node_modules\\@hapi\\hapi\\lib\\server.js:518:22)\n    at C:\\Users\\INDHU\\Desktop\\projects\\ZAD-Products-Admin\\src\\api\\settings\\routes.ts:12:14\n    at new Promise (<anonymous>)\n    at settingsRoutes.<anonymous> (C:\\Users\\INDHU\\Desktop\\projects\\ZAD-Products-Admin\\src\\api\\settings\\routes.ts:10:12)\n    at Generator.next (<anonymous>)\n    at C:\\Users\\INDHU\\Desktop\\projects\\ZAD-Products-Admin\\src\\api\\settings\\routes.ts:8:71\n    at new Promise (<anonymous>)","timestamp":"2025-06-27T12:27:16.803Z"}
{"level":"info","message":"Server running --- from server.ts","timestamp":"2025-06-27T12:27:47.986Z"}
{"level":"info","message":"Server running --- from server.ts","timestamp":"2025-06-27T12:28:00.702Z"}
{"level":"info","message":"Server running --- from server.ts","timestamp":"2025-06-27T12:28:06.930Z"}
{"level":"info","message":"Server running --- from server.ts","timestamp":"2025-06-27T12:31:03.023Z"}
{"level":"info","message":"Server running --- from server.ts","timestamp":"2025-06-27T12:32:22.532Z"}
{"level":"info","message":"Server running --- from server.ts","timestamp":"2025-06-27T12:33:59.428Z"}
{"level":"info","message":"Server running --- from server.ts","timestamp":"2025-06-27T12:34:04.799Z"}
{"level":"info","message":"Server running --- from server.ts","timestamp":"2025-06-27T12:34:18.311Z"}
{"level":"info","message":"Server running --- from server.ts","timestamp":"2025-06-27T12:36:04.296Z"}
{"level":"info","message":"Server running --- from server.ts","timestamp":"2025-06-27T12:36:29.081Z"}
{"level":"info","message":"Server running --- from server.ts","timestamp":"2025-06-27T12:36:40.899Z"}
{"level":"info","message":"Server running --- from server.ts","timestamp":"2025-06-27T12:36:49.073Z"}
{"level":"info","message":"Server running --- from server.ts","timestamp":"2025-06-27T12:36:55.023Z"}
{"level":"info","message":"Server running --- from server.ts","timestamp":"2025-06-27T12:36:59.653Z"}
{"level":"info","message":"Server running --- from server.ts","timestamp":"2025-06-27T12:37:05.072Z"}
{"level":"info","message":"Server running --- from server.ts","timestamp":"2025-06-27T12:37:42.529Z"}
{"level":"info","message":"Server running --- from server.ts","timestamp":"2025-06-27T12:40:57.977Z"}
{"level":"info","message":"Server running --- from server.ts","timestamp":"2025-06-27T12:41:18.080Z"}
{"level":"info","message":"Server running --- from server.ts","timestamp":"2025-06-27T12:41:27.733Z"}
{"level":"info","message":"Server running --- from server.ts","timestamp":"2025-06-27T12:42:07.676Z"}
{"level":"info","message":"Server running --- from server.ts","timestamp":"2025-06-27T12:42:31.899Z"}
{"level":"info","message":"Server running --- from server.ts","timestamp":"2025-06-27T12:44:06.139Z"}
{"level":"info","message":"Server running --- from server.ts","timestamp":"2025-06-27T12:47:33.800Z"}
{"level":"info","message":"Server running --- from server.ts","timestamp":"2025-06-27T12:48:44.599Z"}
{"level":"info","message":"Server running --- from server.ts","timestamp":"2025-06-27T12:48:52.569Z"}
{"level":"info","message":"Server running --- from server.ts","timestamp":"2025-06-27T12:49:05.099Z"}
{"level":"info","message":"Server running --- from server.ts","timestamp":"2025-06-27T12:49:39.447Z"}
{"level":"info","message":"Server running --- from server.ts","timestamp":"2025-06-27T12:49:46.458Z"}
{"level":"info","message":"Server running --- from server.ts","timestamp":"2025-06-27T12:50:36.414Z"}
{"level":"info","message":"Server running --- from server.ts","timestamp":"2025-06-27T13:02:35.802Z"}
